Start testing: Nov 21 19:45 +07
----------------------------------------------------------
1/202 Testing: MyArrTest.Branch_CapacityAndShrink
1/202 Test: MyArrTest.Branch_CapacityAndShrink
Command: "/home/user/3sem/labb/build/arr_test" "--gtest_filter=MyArrTest.Branch_CapacityAndShrink" "--gtest_also_run_disabled_tests"
Directory: /home/user/3sem/labb/build
"MyArrTest.Branch_CapacityAndShrink" start time: Nov 21 19:45 +07
Output:
----------------------------------------------------------
Running main() from /home/user/3sem/labb/build/_deps/googletest-src/googletest/src/gtest_main.cc
Note: Google Test filter = MyArrTest.Branch_CapacityAndShrink
[==========] Running 1 test from 1 test suite.
[----------] Global test environment set-up.
[----------] 1 test from MyArrTest
[ RUN      ] MyArrTest.Branch_CapacityAndShrink
[       OK ] MyArrTest.Branch_CapacityAndShrink (0 ms)
[----------] 1 test from MyArrTest (0 ms total)

[----------] Global test environment tear-down
[==========] 1 test from 1 test suite ran. (0 ms total)
[  PASSED  ] 1 test.
<end of output>
Test time =   0.00 sec
----------------------------------------------------------
Test Passed.
"MyArrTest.Branch_CapacityAndShrink" end time: Nov 21 19:45 +07
"MyArrTest.Branch_CapacityAndShrink" time elapsed: 00:00:00
----------------------------------------------------------

2/202 Testing: MyArrTest.Branch_EdgeCases
2/202 Test: MyArrTest.Branch_EdgeCases
Command: "/home/user/3sem/labb/build/arr_test" "--gtest_filter=MyArrTest.Branch_EdgeCases" "--gtest_also_run_disabled_tests"
Directory: /home/user/3sem/labb/build
"MyArrTest.Branch_EdgeCases" start time: Nov 21 19:45 +07
Output:
----------------------------------------------------------
Running main() from /home/user/3sem/labb/build/_deps/googletest-src/googletest/src/gtest_main.cc
Note: Google Test filter = MyArrTest.Branch_EdgeCases
[==========] Running 1 test from 1 test suite.
[----------] Global test environment set-up.
[----------] 1 test from MyArrTest
[ RUN      ] MyArrTest.Branch_EdgeCases
[       OK ] MyArrTest.Branch_EdgeCases (0 ms)
[----------] 1 test from MyArrTest (0 ms total)

[----------] Global test environment tear-down
[==========] 1 test from 1 test suite ran. (0 ms total)
[  PASSED  ] 1 test.
<end of output>
Test time =   0.00 sec
----------------------------------------------------------
Test Passed.
"MyArrTest.Branch_EdgeCases" end time: Nov 21 19:45 +07
"MyArrTest.Branch_EdgeCases" time elapsed: 00:00:00
----------------------------------------------------------

3/202 Testing: MyArrTest.IO_Errors_Coverage
3/202 Test: MyArrTest.IO_Errors_Coverage
Command: "/home/user/3sem/labb/build/arr_test" "--gtest_filter=MyArrTest.IO_Errors_Coverage" "--gtest_also_run_disabled_tests"
Directory: /home/user/3sem/labb/build
"MyArrTest.IO_Errors_Coverage" start time: Nov 21 19:45 +07
Output:
----------------------------------------------------------
Running main() from /home/user/3sem/labb/build/_deps/googletest-src/googletest/src/gtest_main.cc
Note: Google Test filter = MyArrTest.IO_Errors_Coverage
[==========] Running 1 test from 1 test suite.
[----------] Global test environment set-up.
[----------] 1 test from MyArrTest
[ RUN      ] MyArrTest.IO_Errors_Coverage
[       OK ] MyArrTest.IO_Errors_Coverage (0 ms)
[----------] 1 test from MyArrTest (0 ms total)

[----------] Global test environment tear-down
[==========] 1 test from 1 test suite ran. (0 ms total)
[  PASSED  ] 1 test.
<end of output>
Test time =   0.00 sec
----------------------------------------------------------
Test Passed.
"MyArrTest.IO_Errors_Coverage" end time: Nov 21 19:45 +07
"MyArrTest.IO_Errors_Coverage" time elapsed: 00:00:00
----------------------------------------------------------

4/202 Testing: MyArrTest.SaveAndLoad_HappyPath
4/202 Test: MyArrTest.SaveAndLoad_HappyPath
Command: "/home/user/3sem/labb/build/arr_test" "--gtest_filter=MyArrTest.SaveAndLoad_HappyPath" "--gtest_also_run_disabled_tests"
Directory: /home/user/3sem/labb/build
"MyArrTest.SaveAndLoad_HappyPath" start time: Nov 21 19:45 +07
Output:
----------------------------------------------------------
Running main() from /home/user/3sem/labb/build/_deps/googletest-src/googletest/src/gtest_main.cc
Note: Google Test filter = MyArrTest.SaveAndLoad_HappyPath
[==========] Running 1 test from 1 test suite.
[----------] Global test environment set-up.
[----------] 1 test from MyArrTest
[ RUN      ] MyArrTest.SaveAndLoad_HappyPath
[       OK ] MyArrTest.SaveAndLoad_HappyPath (0 ms)
[----------] 1 test from MyArrTest (0 ms total)

[----------] Global test environment tear-down
[==========] 1 test from 1 test suite ran. (0 ms total)
[  PASSED  ] 1 test.
<end of output>
Test time =   0.00 sec
----------------------------------------------------------
Test Passed.
"MyArrTest.SaveAndLoad_HappyPath" end time: Nov 21 19:45 +07
"MyArrTest.SaveAndLoad_HappyPath" time elapsed: 00:00:00
----------------------------------------------------------

5/202 Testing: TreeTest.EmptySearchPrintRemove
5/202 Test: TreeTest.EmptySearchPrintRemove
Command: "/home/user/3sem/labb/build/compl_test" "--gtest_filter=TreeTest.EmptySearchPrintRemove" "--gtest_also_run_disabled_tests"
Directory: /home/user/3sem/labb/build
"TreeTest.EmptySearchPrintRemove" start time: Nov 21 19:45 +07
Output:
----------------------------------------------------------
Running main() from /home/user/3sem/labb/build/_deps/googletest-src/googletest/src/gtest_main.cc
Note: Google Test filter = TreeTest.EmptySearchPrintRemove
[==========] Running 1 test from 1 test suite.
[----------] Global test environment set-up.
[----------] 1 test from TreeTest
[ RUN      ] TreeTest.EmptySearchPrintRemove
Нельзя удалить из пустого дерева.
Дерево пустое.
[       OK ] TreeTest.EmptySearchPrintRemove (0 ms)
[----------] 1 test from TreeTest (0 ms total)

[----------] Global test environment tear-down
[==========] 1 test from 1 test suite ran. (0 ms total)
[  PASSED  ] 1 test.
<end of output>
Test time =   0.00 sec
----------------------------------------------------------
Test Passed.
"TreeTest.EmptySearchPrintRemove" end time: Nov 21 19:45 +07
"TreeTest.EmptySearchPrintRemove" time elapsed: 00:00:00
----------------------------------------------------------

6/202 Testing: TreeTest.InsertRootAndDuplicate
6/202 Test: TreeTest.InsertRootAndDuplicate
Command: "/home/user/3sem/labb/build/compl_test" "--gtest_filter=TreeTest.InsertRootAndDuplicate" "--gtest_also_run_disabled_tests"
Directory: /home/user/3sem/labb/build
"TreeTest.InsertRootAndDuplicate" start time: Nov 21 19:45 +07
Output:
----------------------------------------------------------
Running main() from /home/user/3sem/labb/build/_deps/googletest-src/googletest/src/gtest_main.cc
Note: Google Test filter = TreeTest.InsertRootAndDuplicate
[==========] Running 1 test from 1 test suite.
[----------] Global test environment set-up.
[----------] 1 test from TreeTest
[ RUN      ] TreeTest.InsertRootAndDuplicate
[       OK ] TreeTest.InsertRootAndDuplicate (0 ms)
[----------] 1 test from TreeTest (0 ms total)

[----------] Global test environment tear-down
[==========] 1 test from 1 test suite ran. (0 ms total)
[  PASSED  ] 1 test.
<end of output>
Test time =   0.00 sec
----------------------------------------------------------
Test Passed.
"TreeTest.InsertRootAndDuplicate" end time: Nov 21 19:45 +07
"TreeTest.InsertRootAndDuplicate" time elapsed: 00:00:00
----------------------------------------------------------

7/202 Testing: TreeTest.InsertLeftRightSearch
7/202 Test: TreeTest.InsertLeftRightSearch
Command: "/home/user/3sem/labb/build/compl_test" "--gtest_filter=TreeTest.InsertLeftRightSearch" "--gtest_also_run_disabled_tests"
Directory: /home/user/3sem/labb/build
"TreeTest.InsertLeftRightSearch" start time: Nov 21 19:45 +07
Output:
----------------------------------------------------------
Running main() from /home/user/3sem/labb/build/_deps/googletest-src/googletest/src/gtest_main.cc
Note: Google Test filter = TreeTest.InsertLeftRightSearch
[==========] Running 1 test from 1 test suite.
[----------] Global test environment set-up.
[----------] 1 test from TreeTest
[ RUN      ] TreeTest.InsertLeftRightSearch
[       OK ] TreeTest.InsertLeftRightSearch (0 ms)
[----------] 1 test from TreeTest (0 ms total)

[----------] Global test environment tear-down
[==========] 1 test from 1 test suite ran. (0 ms total)
[  PASSED  ] 1 test.
<end of output>
Test time =   0.00 sec
----------------------------------------------------------
Test Passed.
"TreeTest.InsertLeftRightSearch" end time: Nov 21 19:45 +07
"TreeTest.InsertLeftRightSearch" time elapsed: 00:00:00
----------------------------------------------------------

8/202 Testing: TreeTest.DeleteLeaf
8/202 Test: TreeTest.DeleteLeaf
Command: "/home/user/3sem/labb/build/compl_test" "--gtest_filter=TreeTest.DeleteLeaf" "--gtest_also_run_disabled_tests"
Directory: /home/user/3sem/labb/build
"TreeTest.DeleteLeaf" start time: Nov 21 19:45 +07
Output:
----------------------------------------------------------
Running main() from /home/user/3sem/labb/build/_deps/googletest-src/googletest/src/gtest_main.cc
Note: Google Test filter = TreeTest.DeleteLeaf
[==========] Running 1 test from 1 test suite.
[----------] Global test environment set-up.
[----------] 1 test from TreeTest
[ RUN      ] TreeTest.DeleteLeaf
Элемент 5 удален.
[       OK ] TreeTest.DeleteLeaf (0 ms)
[----------] 1 test from TreeTest (0 ms total)

[----------] Global test environment tear-down
[==========] 1 test from 1 test suite ran. (0 ms total)
[  PASSED  ] 1 test.
<end of output>
Test time =   0.00 sec
----------------------------------------------------------
Test Passed.
"TreeTest.DeleteLeaf" end time: Nov 21 19:45 +07
"TreeTest.DeleteLeaf" time elapsed: 00:00:00
----------------------------------------------------------

9/202 Testing: TreeTest.DeleteNodeOneChild_LeftOnly
9/202 Test: TreeTest.DeleteNodeOneChild_LeftOnly
Command: "/home/user/3sem/labb/build/compl_test" "--gtest_filter=TreeTest.DeleteNodeOneChild_LeftOnly" "--gtest_also_run_disabled_tests"
Directory: /home/user/3sem/labb/build
"TreeTest.DeleteNodeOneChild_LeftOnly" start time: Nov 21 19:45 +07
Output:
----------------------------------------------------------
Running main() from /home/user/3sem/labb/build/_deps/googletest-src/googletest/src/gtest_main.cc
Note: Google Test filter = TreeTest.DeleteNodeOneChild_LeftOnly
[==========] Running 1 test from 1 test suite.
[----------] Global test environment set-up.
[----------] 1 test from TreeTest
[ RUN      ] TreeTest.DeleteNodeOneChild_LeftOnly
Элемент 5 удален.
[       OK ] TreeTest.DeleteNodeOneChild_LeftOnly (0 ms)
[----------] 1 test from TreeTest (0 ms total)

[----------] Global test environment tear-down
[==========] 1 test from 1 test suite ran. (0 ms total)
[  PASSED  ] 1 test.
<end of output>
Test time =   0.00 sec
----------------------------------------------------------
Test Passed.
"TreeTest.DeleteNodeOneChild_LeftOnly" end time: Nov 21 19:45 +07
"TreeTest.DeleteNodeOneChild_LeftOnly" time elapsed: 00:00:00
----------------------------------------------------------

10/202 Testing: TreeTest.DeleteNodeOneChild_RightOnly
10/202 Test: TreeTest.DeleteNodeOneChild_RightOnly
Command: "/home/user/3sem/labb/build/compl_test" "--gtest_filter=TreeTest.DeleteNodeOneChild_RightOnly" "--gtest_also_run_disabled_tests"
Directory: /home/user/3sem/labb/build
"TreeTest.DeleteNodeOneChild_RightOnly" start time: Nov 21 19:45 +07
Output:
----------------------------------------------------------
Running main() from /home/user/3sem/labb/build/_deps/googletest-src/googletest/src/gtest_main.cc
Note: Google Test filter = TreeTest.DeleteNodeOneChild_RightOnly
[==========] Running 1 test from 1 test suite.
[----------] Global test environment set-up.
[----------] 1 test from TreeTest
[ RUN      ] TreeTest.DeleteNodeOneChild_RightOnly
Элемент 5 удален.
[       OK ] TreeTest.DeleteNodeOneChild_RightOnly (0 ms)
[----------] 1 test from TreeTest (0 ms total)

[----------] Global test environment tear-down
[==========] 1 test from 1 test suite ran. (0 ms total)
[  PASSED  ] 1 test.
<end of output>
Test time =   0.00 sec
----------------------------------------------------------
Test Passed.
"TreeTest.DeleteNodeOneChild_RightOnly" end time: Nov 21 19:45 +07
"TreeTest.DeleteNodeOneChild_RightOnly" time elapsed: 00:00:00
----------------------------------------------------------

11/202 Testing: TreeTest.DeleteNodeTwoChildren
11/202 Test: TreeTest.DeleteNodeTwoChildren
Command: "/home/user/3sem/labb/build/compl_test" "--gtest_filter=TreeTest.DeleteNodeTwoChildren" "--gtest_also_run_disabled_tests"
Directory: /home/user/3sem/labb/build
"TreeTest.DeleteNodeTwoChildren" start time: Nov 21 19:45 +07
Output:
----------------------------------------------------------
Running main() from /home/user/3sem/labb/build/_deps/googletest-src/googletest/src/gtest_main.cc
Note: Google Test filter = TreeTest.DeleteNodeTwoChildren
[==========] Running 1 test from 1 test suite.
[----------] Global test environment set-up.
[----------] 1 test from TreeTest
[ RUN      ] TreeTest.DeleteNodeTwoChildren
Элемент 10 удален.
[       OK ] TreeTest.DeleteNodeTwoChildren (0 ms)
[----------] 1 test from TreeTest (0 ms total)

[----------] Global test environment tear-down
[==========] 1 test from 1 test suite ran. (0 ms total)
[  PASSED  ] 1 test.
<end of output>
Test time =   0.00 sec
----------------------------------------------------------
Test Passed.
"TreeTest.DeleteNodeTwoChildren" end time: Nov 21 19:45 +07
"TreeTest.DeleteNodeTwoChildren" time elapsed: 00:00:00
----------------------------------------------------------

12/202 Testing: TreeTest.RemoveMissing
12/202 Test: TreeTest.RemoveMissing
Command: "/home/user/3sem/labb/build/compl_test" "--gtest_filter=TreeTest.RemoveMissing" "--gtest_also_run_disabled_tests"
Directory: /home/user/3sem/labb/build
"TreeTest.RemoveMissing" start time: Nov 21 19:45 +07
Output:
----------------------------------------------------------
Running main() from /home/user/3sem/labb/build/_deps/googletest-src/googletest/src/gtest_main.cc
Note: Google Test filter = TreeTest.RemoveMissing
[==========] Running 1 test from 1 test suite.
[----------] Global test environment set-up.
[----------] 1 test from TreeTest
[ RUN      ] TreeTest.RemoveMissing
Элемент 99 не найден.
[       OK ] TreeTest.RemoveMissing (0 ms)
[----------] 1 test from TreeTest (0 ms total)

[----------] Global test environment tear-down
[==========] 1 test from 1 test suite ran. (0 ms total)
[  PASSED  ] 1 test.
<end of output>
Test time =   0.00 sec
----------------------------------------------------------
Test Passed.
"TreeTest.RemoveMissing" end time: Nov 21 19:45 +07
"TreeTest.RemoveMissing" time elapsed: 00:00:00
----------------------------------------------------------

13/202 Testing: TreeTest.ClearTree
13/202 Test: TreeTest.ClearTree
Command: "/home/user/3sem/labb/build/compl_test" "--gtest_filter=TreeTest.ClearTree" "--gtest_also_run_disabled_tests"
Directory: /home/user/3sem/labb/build
"TreeTest.ClearTree" start time: Nov 21 19:45 +07
Output:
----------------------------------------------------------
Running main() from /home/user/3sem/labb/build/_deps/googletest-src/googletest/src/gtest_main.cc
Note: Google Test filter = TreeTest.ClearTree
[==========] Running 1 test from 1 test suite.
[----------] Global test environment set-up.
[----------] 1 test from TreeTest
[ RUN      ] TreeTest.ClearTree
[       OK ] TreeTest.ClearTree (0 ms)
[----------] 1 test from TreeTest (0 ms total)

[----------] Global test environment tear-down
[==========] 1 test from 1 test suite ran. (0 ms total)
[  PASSED  ] 1 test.
<end of output>
Test time =   0.00 sec
----------------------------------------------------------
Test Passed.
"TreeTest.ClearTree" end time: Nov 21 19:45 +07
"TreeTest.ClearTree" time elapsed: 00:00:00
----------------------------------------------------------

14/202 Testing: TreeTest.PrintNonEmpty
14/202 Test: TreeTest.PrintNonEmpty
Command: "/home/user/3sem/labb/build/compl_test" "--gtest_filter=TreeTest.PrintNonEmpty" "--gtest_also_run_disabled_tests"
Directory: /home/user/3sem/labb/build
"TreeTest.PrintNonEmpty" start time: Nov 21 19:45 +07
Output:
----------------------------------------------------------
Running main() from /home/user/3sem/labb/build/_deps/googletest-src/googletest/src/gtest_main.cc
Note: Google Test filter = TreeTest.PrintNonEmpty
[==========] Running 1 test from 1 test suite.
[----------] Global test environment set-up.
[----------] 1 test from TreeTest
[ RUN      ] TreeTest.PrintNonEmpty
------------------------------------------
Дерево (размер: 2):
10
└──5
------------------------------------------
[       OK ] TreeTest.PrintNonEmpty (0 ms)
[----------] 1 test from TreeTest (0 ms total)

[----------] Global test environment tear-down
[==========] 1 test from 1 test suite ran. (0 ms total)
[  PASSED  ] 1 test.
<end of output>
Test time =   0.00 sec
----------------------------------------------------------
Test Passed.
"TreeTest.PrintNonEmpty" end time: Nov 21 19:45 +07
"TreeTest.PrintNonEmpty" time elapsed: 00:00:00
----------------------------------------------------------

15/202 Testing: TreeTest.SaveLoadTextFile
15/202 Test: TreeTest.SaveLoadTextFile
Command: "/home/user/3sem/labb/build/compl_test" "--gtest_filter=TreeTest.SaveLoadTextFile" "--gtest_also_run_disabled_tests"
Directory: /home/user/3sem/labb/build
"TreeTest.SaveLoadTextFile" start time: Nov 21 19:45 +07
Output:
----------------------------------------------------------
Running main() from /home/user/3sem/labb/build/_deps/googletest-src/googletest/src/gtest_main.cc
Note: Google Test filter = TreeTest.SaveLoadTextFile
[==========] Running 1 test from 1 test suite.
[----------] Global test environment set-up.
[----------] 1 test from TreeTest
[ RUN      ] TreeTest.SaveLoadTextFile
[       OK ] TreeTest.SaveLoadTextFile (0 ms)
[----------] 1 test from TreeTest (0 ms total)

[----------] Global test environment tear-down
[==========] 1 test from 1 test suite ran. (0 ms total)
[  PASSED  ] 1 test.
<end of output>
Test time =   0.00 sec
----------------------------------------------------------
Test Passed.
"TreeTest.SaveLoadTextFile" end time: Nov 21 19:45 +07
"TreeTest.SaveLoadTextFile" time elapsed: 00:00:00
----------------------------------------------------------

16/202 Testing: TreeTest.SaveLoadBinaryFile
16/202 Test: TreeTest.SaveLoadBinaryFile
Command: "/home/user/3sem/labb/build/compl_test" "--gtest_filter=TreeTest.SaveLoadBinaryFile" "--gtest_also_run_disabled_tests"
Directory: /home/user/3sem/labb/build
"TreeTest.SaveLoadBinaryFile" start time: Nov 21 19:45 +07
Output:
----------------------------------------------------------
Running main() from /home/user/3sem/labb/build/_deps/googletest-src/googletest/src/gtest_main.cc
Note: Google Test filter = TreeTest.SaveLoadBinaryFile
[==========] Running 1 test from 1 test suite.
[----------] Global test environment set-up.
[----------] 1 test from TreeTest
[ RUN      ] TreeTest.SaveLoadBinaryFile
[       OK ] TreeTest.SaveLoadBinaryFile (0 ms)
[----------] 1 test from TreeTest (0 ms total)

[----------] Global test environment tear-down
[==========] 1 test from 1 test suite ran. (0 ms total)
[  PASSED  ] 1 test.
<end of output>
Test time =   0.00 sec
----------------------------------------------------------
Test Passed.
"TreeTest.SaveLoadBinaryFile" end time: Nov 21 19:45 +07
"TreeTest.SaveLoadBinaryFile" time elapsed: 00:00:00
----------------------------------------------------------

17/202 Testing: TreeTest.Coverage_Remove_Root_TwoChildren
17/202 Test: TreeTest.Coverage_Remove_Root_TwoChildren
Command: "/home/user/3sem/labb/build/compl_test" "--gtest_filter=TreeTest.Coverage_Remove_Root_TwoChildren" "--gtest_also_run_disabled_tests"
Directory: /home/user/3sem/labb/build
"TreeTest.Coverage_Remove_Root_TwoChildren" start time: Nov 21 19:45 +07
Output:
----------------------------------------------------------
Running main() from /home/user/3sem/labb/build/_deps/googletest-src/googletest/src/gtest_main.cc
Note: Google Test filter = TreeTest.Coverage_Remove_Root_TwoChildren
[==========] Running 1 test from 1 test suite.
[----------] Global test environment set-up.
[----------] 1 test from TreeTest
[ RUN      ] TreeTest.Coverage_Remove_Root_TwoChildren
Элемент 10 удален.
[       OK ] TreeTest.Coverage_Remove_Root_TwoChildren (0 ms)
[----------] 1 test from TreeTest (0 ms total)

[----------] Global test environment tear-down
[==========] 1 test from 1 test suite ran. (0 ms total)
[  PASSED  ] 1 test.
<end of output>
Test time =   0.00 sec
----------------------------------------------------------
Test Passed.
"TreeTest.Coverage_Remove_Root_TwoChildren" end time: Nov 21 19:45 +07
"TreeTest.Coverage_Remove_Root_TwoChildren" time elapsed: 00:00:00
----------------------------------------------------------

18/202 Testing: TreeTest.Coverage_Remove_Root_OneChild
18/202 Test: TreeTest.Coverage_Remove_Root_OneChild
Command: "/home/user/3sem/labb/build/compl_test" "--gtest_filter=TreeTest.Coverage_Remove_Root_OneChild" "--gtest_also_run_disabled_tests"
Directory: /home/user/3sem/labb/build
"TreeTest.Coverage_Remove_Root_OneChild" start time: Nov 21 19:45 +07
Output:
----------------------------------------------------------
Running main() from /home/user/3sem/labb/build/_deps/googletest-src/googletest/src/gtest_main.cc
Note: Google Test filter = TreeTest.Coverage_Remove_Root_OneChild
[==========] Running 1 test from 1 test suite.
[----------] Global test environment set-up.
[----------] 1 test from TreeTest
[ RUN      ] TreeTest.Coverage_Remove_Root_OneChild
Элемент 10 удален.
[       OK ] TreeTest.Coverage_Remove_Root_OneChild (0 ms)
[----------] 1 test from TreeTest (0 ms total)

[----------] Global test environment tear-down
[==========] 1 test from 1 test suite ran. (0 ms total)
[  PASSED  ] 1 test.
<end of output>
Test time =   0.00 sec
----------------------------------------------------------
Test Passed.
"TreeTest.Coverage_Remove_Root_OneChild" end time: Nov 21 19:45 +07
"TreeTest.Coverage_Remove_Root_OneChild" time elapsed: 00:00:00
----------------------------------------------------------

19/202 Testing: TreeTest.Coverage_Remove_NotExists_And_Empty
19/202 Test: TreeTest.Coverage_Remove_NotExists_And_Empty
Command: "/home/user/3sem/labb/build/compl_test" "--gtest_filter=TreeTest.Coverage_Remove_NotExists_And_Empty" "--gtest_also_run_disabled_tests"
Directory: /home/user/3sem/labb/build
"TreeTest.Coverage_Remove_NotExists_And_Empty" start time: Nov 21 19:45 +07
Output:
----------------------------------------------------------
Running main() from /home/user/3sem/labb/build/_deps/googletest-src/googletest/src/gtest_main.cc
Note: Google Test filter = TreeTest.Coverage_Remove_NotExists_And_Empty
[==========] Running 1 test from 1 test suite.
[----------] Global test environment set-up.
[----------] 1 test from TreeTest
[ RUN      ] TreeTest.Coverage_Remove_NotExists_And_Empty
[       OK ] TreeTest.Coverage_Remove_NotExists_And_Empty (0 ms)
[----------] 1 test from TreeTest (0 ms total)

[----------] Global test environment tear-down
[==========] 1 test from 1 test suite ran. (0 ms total)
[  PASSED  ] 1 test.
<end of output>
Test time =   0.00 sec
----------------------------------------------------------
Test Passed.
"TreeTest.Coverage_Remove_NotExists_And_Empty" end time: Nov 21 19:45 +07
"TreeTest.Coverage_Remove_NotExists_And_Empty" time elapsed: 00:00:00
----------------------------------------------------------

20/202 Testing: TreeTest.Coverage_Insert_Duplicates
20/202 Test: TreeTest.Coverage_Insert_Duplicates
Command: "/home/user/3sem/labb/build/compl_test" "--gtest_filter=TreeTest.Coverage_Insert_Duplicates" "--gtest_also_run_disabled_tests"
Directory: /home/user/3sem/labb/build
"TreeTest.Coverage_Insert_Duplicates" start time: Nov 21 19:45 +07
Output:
----------------------------------------------------------
Running main() from /home/user/3sem/labb/build/_deps/googletest-src/googletest/src/gtest_main.cc
Note: Google Test filter = TreeTest.Coverage_Insert_Duplicates
[==========] Running 1 test from 1 test suite.
[----------] Global test environment set-up.
[----------] 1 test from TreeTest
[ RUN      ] TreeTest.Coverage_Insert_Duplicates
[       OK ] TreeTest.Coverage_Insert_Duplicates (0 ms)
[----------] 1 test from TreeTest (0 ms total)

[----------] Global test environment tear-down
[==========] 1 test from 1 test suite ran. (0 ms total)
[  PASSED  ] 1 test.
<end of output>
Test time =   0.00 sec
----------------------------------------------------------
Test Passed.
"TreeTest.Coverage_Insert_Duplicates" end time: Nov 21 19:45 +07
"TreeTest.Coverage_Insert_Duplicates" time elapsed: 00:00:00
----------------------------------------------------------

21/202 Testing: TreeTest.Coverage_IO_Errors
21/202 Test: TreeTest.Coverage_IO_Errors
Command: "/home/user/3sem/labb/build/compl_test" "--gtest_filter=TreeTest.Coverage_IO_Errors" "--gtest_also_run_disabled_tests"
Directory: /home/user/3sem/labb/build
"TreeTest.Coverage_IO_Errors" start time: Nov 21 19:45 +07
Output:
----------------------------------------------------------
Running main() from /home/user/3sem/labb/build/_deps/googletest-src/googletest/src/gtest_main.cc
Note: Google Test filter = TreeTest.Coverage_IO_Errors
[==========] Running 1 test from 1 test suite.
[----------] Global test environment set-up.
[----------] 1 test from TreeTest
[ RUN      ] TreeTest.Coverage_IO_Errors
[       OK ] TreeTest.Coverage_IO_Errors (0 ms)
[----------] 1 test from TreeTest (0 ms total)

[----------] Global test environment tear-down
[==========] 1 test from 1 test suite ran. (0 ms total)
[  PASSED  ] 1 test.
<end of output>
Test time =   0.00 sec
----------------------------------------------------------
Test Passed.
"TreeTest.Coverage_IO_Errors" end time: Nov 21 19:45 +07
"TreeTest.Coverage_IO_Errors" time elapsed: 00:00:00
----------------------------------------------------------

22/202 Testing: TreeTest.LoadFromEmptyFiles
22/202 Test: TreeTest.LoadFromEmptyFiles
Command: "/home/user/3sem/labb/build/compl_test" "--gtest_filter=TreeTest.LoadFromEmptyFiles" "--gtest_also_run_disabled_tests"
Directory: /home/user/3sem/labb/build
"TreeTest.LoadFromEmptyFiles" start time: Nov 21 19:45 +07
Output:
----------------------------------------------------------
Running main() from /home/user/3sem/labb/build/_deps/googletest-src/googletest/src/gtest_main.cc
Note: Google Test filter = TreeTest.LoadFromEmptyFiles
[==========] Running 1 test from 1 test suite.
[----------] Global test environment set-up.
[----------] 1 test from TreeTest
[ RUN      ] TreeTest.LoadFromEmptyFiles
[       OK ] TreeTest.LoadFromEmptyFiles (0 ms)
[----------] 1 test from TreeTest (0 ms total)

[----------] Global test environment tear-down
[==========] 1 test from 1 test suite ran. (0 ms total)
[  PASSED  ] 1 test.
<end of output>
Test time =   0.00 sec
----------------------------------------------------------
Test Passed.
"TreeTest.LoadFromEmptyFiles" end time: Nov 21 19:45 +07
"TreeTest.LoadFromEmptyFiles" time elapsed: 00:00:00
----------------------------------------------------------

23/202 Testing: DListTest.Coverage_Empty_Ops
23/202 Test: DListTest.Coverage_Empty_Ops
Command: "/home/user/3sem/labb/build/dlist_test" "--gtest_filter=DListTest.Coverage_Empty_Ops" "--gtest_also_run_disabled_tests"
Directory: /home/user/3sem/labb/build
"DListTest.Coverage_Empty_Ops" start time: Nov 21 19:45 +07
Output:
----------------------------------------------------------
Running main() from /home/user/3sem/labb/build/_deps/googletest-src/googletest/src/gtest_main.cc
Note: Google Test filter = DListTest.Coverage_Empty_Ops
[==========] Running 1 test from 1 test suite.
[----------] Global test environment set-up.
[----------] 1 test from DListTest
[ RUN      ] DListTest.Coverage_Empty_Ops
[       OK ] DListTest.Coverage_Empty_Ops (0 ms)
[----------] 1 test from DListTest (0 ms total)

[----------] Global test environment tear-down
[==========] 1 test from 1 test suite ran. (0 ms total)
[  PASSED  ] 1 test.
<end of output>
Test time =   0.00 sec
----------------------------------------------------------
Test Passed.
"DListTest.Coverage_Empty_Ops" end time: Nov 21 19:45 +07
"DListTest.Coverage_Empty_Ops" time elapsed: 00:00:00
----------------------------------------------------------

24/202 Testing: DListTest.Coverage_SingleElement_Transitions
24/202 Test: DListTest.Coverage_SingleElement_Transitions
Command: "/home/user/3sem/labb/build/dlist_test" "--gtest_filter=DListTest.Coverage_SingleElement_Transitions" "--gtest_also_run_disabled_tests"
Directory: /home/user/3sem/labb/build
"DListTest.Coverage_SingleElement_Transitions" start time: Nov 21 19:45 +07
Output:
----------------------------------------------------------
Running main() from /home/user/3sem/labb/build/_deps/googletest-src/googletest/src/gtest_main.cc
Note: Google Test filter = DListTest.Coverage_SingleElement_Transitions
[==========] Running 1 test from 1 test suite.
[----------] Global test environment set-up.
[----------] 1 test from DListTest
[ RUN      ] DListTest.Coverage_SingleElement_Transitions
[       OK ] DListTest.Coverage_SingleElement_Transitions (0 ms)
[----------] 1 test from DListTest (0 ms total)

[----------] Global test environment tear-down
[==========] 1 test from 1 test suite ran. (0 ms total)
[  PASSED  ] 1 test.
<end of output>
Test time =   0.00 sec
----------------------------------------------------------
Test Passed.
"DListTest.Coverage_SingleElement_Transitions" end time: Nov 21 19:45 +07
"DListTest.Coverage_SingleElement_Transitions" time elapsed: 00:00:00
----------------------------------------------------------

25/202 Testing: DListTest.Coverage_AddBefore_AddAfter_Complex
25/202 Test: DListTest.Coverage_AddBefore_AddAfter_Complex
Command: "/home/user/3sem/labb/build/dlist_test" "--gtest_filter=DListTest.Coverage_AddBefore_AddAfter_Complex" "--gtest_also_run_disabled_tests"
Directory: /home/user/3sem/labb/build
"DListTest.Coverage_AddBefore_AddAfter_Complex" start time: Nov 21 19:45 +07
Output:
----------------------------------------------------------
Running main() from /home/user/3sem/labb/build/_deps/googletest-src/googletest/src/gtest_main.cc
Note: Google Test filter = DListTest.Coverage_AddBefore_AddAfter_Complex
[==========] Running 1 test from 1 test suite.
[----------] Global test environment set-up.
[----------] 1 test from DListTest
[ RUN      ] DListTest.Coverage_AddBefore_AddAfter_Complex
[       OK ] DListTest.Coverage_AddBefore_AddAfter_Complex (0 ms)
[----------] 1 test from DListTest (0 ms total)

[----------] Global test environment tear-down
[==========] 1 test from 1 test suite ran. (0 ms total)
[  PASSED  ] 1 test.
<end of output>
Test time =   0.00 sec
----------------------------------------------------------
Test Passed.
"DListTest.Coverage_AddBefore_AddAfter_Complex" end time: Nov 21 19:45 +07
"DListTest.Coverage_AddBefore_AddAfter_Complex" time elapsed: 00:00:00
----------------------------------------------------------

26/202 Testing: DListTest.Coverage_DelByVal_Branches
26/202 Test: DListTest.Coverage_DelByVal_Branches
Command: "/home/user/3sem/labb/build/dlist_test" "--gtest_filter=DListTest.Coverage_DelByVal_Branches" "--gtest_also_run_disabled_tests"
Directory: /home/user/3sem/labb/build
"DListTest.Coverage_DelByVal_Branches" start time: Nov 21 19:45 +07
Output:
----------------------------------------------------------
Running main() from /home/user/3sem/labb/build/_deps/googletest-src/googletest/src/gtest_main.cc
Note: Google Test filter = DListTest.Coverage_DelByVal_Branches
[==========] Running 1 test from 1 test suite.
[----------] Global test environment set-up.
[----------] 1 test from DListTest
[ RUN      ] DListTest.Coverage_DelByVal_Branches
[       OK ] DListTest.Coverage_DelByVal_Branches (0 ms)
[----------] 1 test from DListTest (0 ms total)

[----------] Global test environment tear-down
[==========] 1 test from 1 test suite ran. (0 ms total)
[  PASSED  ] 1 test.
<end of output>
Test time =   0.00 sec
----------------------------------------------------------
Test Passed.
"DListTest.Coverage_DelByVal_Branches" end time: Nov 21 19:45 +07
"DListTest.Coverage_DelByVal_Branches" time elapsed: 00:00:00
----------------------------------------------------------

27/202 Testing: DListTest.Coverage_DelAfter_DelBefore_Boundary
27/202 Test: DListTest.Coverage_DelAfter_DelBefore_Boundary
Command: "/home/user/3sem/labb/build/dlist_test" "--gtest_filter=DListTest.Coverage_DelAfter_DelBefore_Boundary" "--gtest_also_run_disabled_tests"
Directory: /home/user/3sem/labb/build
"DListTest.Coverage_DelAfter_DelBefore_Boundary" start time: Nov 21 19:45 +07
Output:
----------------------------------------------------------
Running main() from /home/user/3sem/labb/build/_deps/googletest-src/googletest/src/gtest_main.cc
Note: Google Test filter = DListTest.Coverage_DelAfter_DelBefore_Boundary
[==========] Running 1 test from 1 test suite.
[----------] Global test environment set-up.
[----------] 1 test from DListTest
[ RUN      ] DListTest.Coverage_DelAfter_DelBefore_Boundary
[       OK ] DListTest.Coverage_DelAfter_DelBefore_Boundary (0 ms)
[----------] 1 test from DListTest (0 ms total)

[----------] Global test environment tear-down
[==========] 1 test from 1 test suite ran. (0 ms total)
[  PASSED  ] 1 test.
<end of output>
Test time =   0.00 sec
----------------------------------------------------------
Test Passed.
"DListTest.Coverage_DelAfter_DelBefore_Boundary" end time: Nov 21 19:45 +07
"DListTest.Coverage_DelAfter_DelBefore_Boundary" time elapsed: 00:00:00
----------------------------------------------------------

28/202 Testing: DListTest.Coverage_IO
28/202 Test: DListTest.Coverage_IO
Command: "/home/user/3sem/labb/build/dlist_test" "--gtest_filter=DListTest.Coverage_IO" "--gtest_also_run_disabled_tests"
Directory: /home/user/3sem/labb/build
"DListTest.Coverage_IO" start time: Nov 21 19:45 +07
Output:
----------------------------------------------------------
Running main() from /home/user/3sem/labb/build/_deps/googletest-src/googletest/src/gtest_main.cc
Note: Google Test filter = DListTest.Coverage_IO
[==========] Running 1 test from 1 test suite.
[----------] Global test environment set-up.
[----------] 1 test from DListTest
[ RUN      ] DListTest.Coverage_IO
[       OK ] DListTest.Coverage_IO (0 ms)
[----------] 1 test from DListTest (0 ms total)

[----------] Global test environment tear-down
[==========] 1 test from 1 test suite ran. (0 ms total)
[  PASSED  ] 1 test.
<end of output>
Test time =   0.00 sec
----------------------------------------------------------
Test Passed.
"DListTest.Coverage_IO" end time: Nov 21 19:45 +07
"DListTest.Coverage_IO" time elapsed: 00:00:00
----------------------------------------------------------

29/202 Testing: HashTest.OpenHash_Insert_Update_DeletedSlot
29/202 Test: HashTest.OpenHash_Insert_Update_DeletedSlot
Command: "/home/user/3sem/labb/build/hash_test" "--gtest_filter=HashTest.OpenHash_Insert_Update_DeletedSlot" "--gtest_also_run_disabled_tests"
Directory: /home/user/3sem/labb/build
"HashTest.OpenHash_Insert_Update_DeletedSlot" start time: Nov 21 19:45 +07
Output:
----------------------------------------------------------
Running main() from /home/user/3sem/labb/build/_deps/googletest-src/googletest/src/gtest_main.cc
Note: Google Test filter = HashTest.OpenHash_Insert_Update_DeletedSlot
[==========] Running 1 test from 1 test suite.
[----------] Global test environment set-up.
[----------] 1 test from HashTest
[ RUN      ] HashTest.OpenHash_Insert_Update_DeletedSlot
[       OK ] HashTest.OpenHash_Insert_Update_DeletedSlot (0 ms)
[----------] 1 test from HashTest (0 ms total)

[----------] Global test environment tear-down
[==========] 1 test from 1 test suite ran. (0 ms total)
[  PASSED  ] 1 test.
<end of output>
Test time =   0.00 sec
----------------------------------------------------------
Test Passed.
"HashTest.OpenHash_Insert_Update_DeletedSlot" end time: Nov 21 19:45 +07
"HashTest.OpenHash_Insert_Update_DeletedSlot" time elapsed: 00:00:00
----------------------------------------------------------

30/202 Testing: HashTest.OpenHash_FindErase_NotFound
30/202 Test: HashTest.OpenHash_FindErase_NotFound
Command: "/home/user/3sem/labb/build/hash_test" "--gtest_filter=HashTest.OpenHash_FindErase_NotFound" "--gtest_also_run_disabled_tests"
Directory: /home/user/3sem/labb/build
"HashTest.OpenHash_FindErase_NotFound" start time: Nov 21 19:45 +07
Output:
----------------------------------------------------------
Running main() from /home/user/3sem/labb/build/_deps/googletest-src/googletest/src/gtest_main.cc
Note: Google Test filter = HashTest.OpenHash_FindErase_NotFound
[==========] Running 1 test from 1 test suite.
[----------] Global test environment set-up.
[----------] 1 test from HashTest
[ RUN      ] HashTest.OpenHash_FindErase_NotFound
[       OK ] HashTest.OpenHash_FindErase_NotFound (0 ms)
[----------] 1 test from HashTest (0 ms total)

[----------] Global test environment tear-down
[==========] 1 test from 1 test suite ran. (0 ms total)
[  PASSED  ] 1 test.
<end of output>
Test time =   0.00 sec
----------------------------------------------------------
Test Passed.
"HashTest.OpenHash_FindErase_NotFound" end time: Nov 21 19:45 +07
"HashTest.OpenHash_FindErase_NotFound" time elapsed: 00:00:00
----------------------------------------------------------

31/202 Testing: HashTest.OpenHash_FullTable
31/202 Test: HashTest.OpenHash_FullTable
Command: "/home/user/3sem/labb/build/hash_test" "--gtest_filter=HashTest.OpenHash_FullTable" "--gtest_also_run_disabled_tests"
Directory: /home/user/3sem/labb/build
"HashTest.OpenHash_FullTable" start time: Nov 21 19:45 +07
Output:
----------------------------------------------------------
Running main() from /home/user/3sem/labb/build/_deps/googletest-src/googletest/src/gtest_main.cc
Note: Google Test filter = HashTest.OpenHash_FullTable
[==========] Running 1 test from 1 test suite.
[----------] Global test environment set-up.
[----------] 1 test from HashTest
[ RUN      ] HashTest.OpenHash_FullTable
Таблица переполнена
[       OK ] HashTest.OpenHash_FullTable (0 ms)
[----------] 1 test from HashTest (0 ms total)

[----------] Global test environment tear-down
[==========] 1 test from 1 test suite ran. (0 ms total)
[  PASSED  ] 1 test.
<end of output>
Test time =   0.00 sec
----------------------------------------------------------
Test Passed.
"HashTest.OpenHash_FullTable" end time: Nov 21 19:45 +07
"HashTest.OpenHash_FullTable" time elapsed: 00:00:00
----------------------------------------------------------

32/202 Testing: HashTest.ChainHash_InsertUpdate
32/202 Test: HashTest.ChainHash_InsertUpdate
Command: "/home/user/3sem/labb/build/hash_test" "--gtest_filter=HashTest.ChainHash_InsertUpdate" "--gtest_also_run_disabled_tests"
Directory: /home/user/3sem/labb/build
"HashTest.ChainHash_InsertUpdate" start time: Nov 21 19:45 +07
Output:
----------------------------------------------------------
Running main() from /home/user/3sem/labb/build/_deps/googletest-src/googletest/src/gtest_main.cc
Note: Google Test filter = HashTest.ChainHash_InsertUpdate
[==========] Running 1 test from 1 test suite.
[----------] Global test environment set-up.
[----------] 1 test from HashTest
[ RUN      ] HashTest.ChainHash_InsertUpdate
[       OK ] HashTest.ChainHash_InsertUpdate (0 ms)
[----------] 1 test from HashTest (0 ms total)

[----------] Global test environment tear-down
[==========] 1 test from 1 test suite ran. (0 ms total)
[  PASSED  ] 1 test.
<end of output>
Test time =   0.00 sec
----------------------------------------------------------
Test Passed.
"HashTest.ChainHash_InsertUpdate" end time: Nov 21 19:45 +07
"HashTest.ChainHash_InsertUpdate" time elapsed: 00:00:00
----------------------------------------------------------

33/202 Testing: HashTest.ChainHash_CollisionsAndErase
33/202 Test: HashTest.ChainHash_CollisionsAndErase
Command: "/home/user/3sem/labb/build/hash_test" "--gtest_filter=HashTest.ChainHash_CollisionsAndErase" "--gtest_also_run_disabled_tests"
Directory: /home/user/3sem/labb/build
"HashTest.ChainHash_CollisionsAndErase" start time: Nov 21 19:45 +07
Output:
----------------------------------------------------------
Running main() from /home/user/3sem/labb/build/_deps/googletest-src/googletest/src/gtest_main.cc
Note: Google Test filter = HashTest.ChainHash_CollisionsAndErase
[==========] Running 1 test from 1 test suite.
[----------] Global test environment set-up.
[----------] 1 test from HashTest
[ RUN      ] HashTest.ChainHash_CollisionsAndErase
[       OK ] HashTest.ChainHash_CollisionsAndErase (0 ms)
[----------] 1 test from HashTest (0 ms total)

[----------] Global test environment tear-down
[==========] 1 test from 1 test suite ran. (0 ms total)
[  PASSED  ] 1 test.
<end of output>
Test time =   0.00 sec
----------------------------------------------------------
Test Passed.
"HashTest.ChainHash_CollisionsAndErase" end time: Nov 21 19:45 +07
"HashTest.ChainHash_CollisionsAndErase" time elapsed: 00:00:00
----------------------------------------------------------

34/202 Testing: HashTest.ChainHash_ShowEmpty
34/202 Test: HashTest.ChainHash_ShowEmpty
Command: "/home/user/3sem/labb/build/hash_test" "--gtest_filter=HashTest.ChainHash_ShowEmpty" "--gtest_also_run_disabled_tests"
Directory: /home/user/3sem/labb/build
"HashTest.ChainHash_ShowEmpty" start time: Nov 21 19:45 +07
Output:
----------------------------------------------------------
Running main() from /home/user/3sem/labb/build/_deps/googletest-src/googletest/src/gtest_main.cc
Note: Google Test filter = HashTest.ChainHash_ShowEmpty
[==========] Running 1 test from 1 test suite.
[----------] Global test environment set-up.
[----------] 1 test from HashTest
[ RUN      ] HashTest.ChainHash_ShowEmpty
цепочки: пусто
[       OK ] HashTest.ChainHash_ShowEmpty (0 ms)
[----------] 1 test from HashTest (0 ms total)

[----------] Global test environment tear-down
[==========] 1 test from 1 test suite ran. (0 ms total)
[  PASSED  ] 1 test.
<end of output>
Test time =   0.00 sec
----------------------------------------------------------
Test Passed.
"HashTest.ChainHash_ShowEmpty" end time: Nov 21 19:45 +07
"HashTest.ChainHash_ShowEmpty" time elapsed: 00:00:00
----------------------------------------------------------

35/202 Testing: HashTest.ChainHash_SaveLoad
35/202 Test: HashTest.ChainHash_SaveLoad
Command: "/home/user/3sem/labb/build/hash_test" "--gtest_filter=HashTest.ChainHash_SaveLoad" "--gtest_also_run_disabled_tests"
Directory: /home/user/3sem/labb/build
"HashTest.ChainHash_SaveLoad" start time: Nov 21 19:45 +07
Output:
----------------------------------------------------------
Running main() from /home/user/3sem/labb/build/_deps/googletest-src/googletest/src/gtest_main.cc
Note: Google Test filter = HashTest.ChainHash_SaveLoad
[==========] Running 1 test from 1 test suite.
[----------] Global test environment set-up.
[----------] 1 test from HashTest
[ RUN      ] HashTest.ChainHash_SaveLoad
[       OK ] HashTest.ChainHash_SaveLoad (0 ms)
[----------] 1 test from HashTest (0 ms total)

[----------] Global test environment tear-down
[==========] 1 test from 1 test suite ran. (0 ms total)
[  PASSED  ] 1 test.
<end of output>
Test time =   0.00 sec
----------------------------------------------------------
Test Passed.
"HashTest.ChainHash_SaveLoad" end time: Nov 21 19:45 +07
"HashTest.ChainHash_SaveLoad" time elapsed: 00:00:00
----------------------------------------------------------

36/202 Testing: HashTest.OpenHash_SaveLoad
36/202 Test: HashTest.OpenHash_SaveLoad
Command: "/home/user/3sem/labb/build/hash_test" "--gtest_filter=HashTest.OpenHash_SaveLoad" "--gtest_also_run_disabled_tests"
Directory: /home/user/3sem/labb/build
"HashTest.OpenHash_SaveLoad" start time: Nov 21 19:45 +07
Output:
----------------------------------------------------------
Running main() from /home/user/3sem/labb/build/_deps/googletest-src/googletest/src/gtest_main.cc
Note: Google Test filter = HashTest.OpenHash_SaveLoad
[==========] Running 1 test from 1 test suite.
[----------] Global test environment set-up.
[----------] 1 test from HashTest
[ RUN      ] HashTest.OpenHash_SaveLoad
[       OK ] HashTest.OpenHash_SaveLoad (0 ms)
[----------] 1 test from HashTest (0 ms total)

[----------] Global test environment tear-down
[==========] 1 test from 1 test suite ran. (0 ms total)
[  PASSED  ] 1 test.
<end of output>
Test time =   0.00 sec
----------------------------------------------------------
Test Passed.
"HashTest.OpenHash_SaveLoad" end time: Nov 21 19:45 +07
"HashTest.OpenHash_SaveLoad" time elapsed: 00:00:00
----------------------------------------------------------

37/202 Testing: HashTest.LoadFromBadFile
37/202 Test: HashTest.LoadFromBadFile
Command: "/home/user/3sem/labb/build/hash_test" "--gtest_filter=HashTest.LoadFromBadFile" "--gtest_also_run_disabled_tests"
Directory: /home/user/3sem/labb/build
"HashTest.LoadFromBadFile" start time: Nov 21 19:45 +07
Output:
----------------------------------------------------------
Running main() from /home/user/3sem/labb/build/_deps/googletest-src/googletest/src/gtest_main.cc
Note: Google Test filter = HashTest.LoadFromBadFile
[==========] Running 1 test from 1 test suite.
[----------] Global test environment set-up.
[----------] 1 test from HashTest
[ RUN      ] HashTest.LoadFromBadFile
[       OK ] HashTest.LoadFromBadFile (0 ms)
[----------] 1 test from HashTest (0 ms total)

[----------] Global test environment tear-down
[==========] 1 test from 1 test suite ran. (0 ms total)
[  PASSED  ] 1 test.
<end of output>
Test time =   0.00 sec
----------------------------------------------------------
Test Passed.
"HashTest.LoadFromBadFile" end time: Nov 21 19:45 +07
"HashTest.LoadFromBadFile" time elapsed: 00:00:00
----------------------------------------------------------

38/202 Testing: HashTest.parse_cmd_CorrectSplits
38/202 Test: HashTest.parse_cmd_CorrectSplits
Command: "/home/user/3sem/labb/build/hash_test" "--gtest_filter=HashTest.parse_cmd_CorrectSplits" "--gtest_also_run_disabled_tests"
Directory: /home/user/3sem/labb/build
"HashTest.parse_cmd_CorrectSplits" start time: Nov 21 19:45 +07
Output:
----------------------------------------------------------
Running main() from /home/user/3sem/labb/build/_deps/googletest-src/googletest/src/gtest_main.cc
Note: Google Test filter = HashTest.parse_cmd_CorrectSplits
[==========] Running 1 test from 1 test suite.
[----------] Global test environment set-up.
[----------] 1 test from HashTest
[ RUN      ] HashTest.parse_cmd_CorrectSplits
[       OK ] HashTest.parse_cmd_CorrectSplits (0 ms)
[----------] 1 test from HashTest (0 ms total)

[----------] Global test environment tear-down
[==========] 1 test from 1 test suite ran. (0 ms total)
[  PASSED  ] 1 test.
<end of output>
Test time =   0.00 sec
----------------------------------------------------------
Test Passed.
"HashTest.parse_cmd_CorrectSplits" end time: Nov 21 19:45 +07
"HashTest.parse_cmd_CorrectSplits" time elapsed: 00:00:00
----------------------------------------------------------

39/202 Testing: HashTest.parse_cmd_LeadingSpaces
39/202 Test: HashTest.parse_cmd_LeadingSpaces
Command: "/home/user/3sem/labb/build/hash_test" "--gtest_filter=HashTest.parse_cmd_LeadingSpaces" "--gtest_also_run_disabled_tests"
Directory: /home/user/3sem/labb/build
"HashTest.parse_cmd_LeadingSpaces" start time: Nov 21 19:45 +07
Output:
----------------------------------------------------------
Running main() from /home/user/3sem/labb/build/_deps/googletest-src/googletest/src/gtest_main.cc
Note: Google Test filter = HashTest.parse_cmd_LeadingSpaces
[==========] Running 1 test from 1 test suite.
[----------] Global test environment set-up.
[----------] 1 test from HashTest
[ RUN      ] HashTest.parse_cmd_LeadingSpaces
[       OK ] HashTest.parse_cmd_LeadingSpaces (0 ms)
[----------] 1 test from HashTest (0 ms total)

[----------] Global test environment tear-down
[==========] 1 test from 1 test suite ran. (0 ms total)
[  PASSED  ] 1 test.
<end of output>
Test time =   0.00 sec
----------------------------------------------------------
Test Passed.
"HashTest.parse_cmd_LeadingSpaces" end time: Nov 21 19:45 +07
"HashTest.parse_cmd_LeadingSpaces" time elapsed: 00:00:00
----------------------------------------------------------

40/202 Testing: HashTest.ChainHash_Collision_DeleteMiddle
40/202 Test: HashTest.ChainHash_Collision_DeleteMiddle
Command: "/home/user/3sem/labb/build/hash_test" "--gtest_filter=HashTest.ChainHash_Collision_DeleteMiddle" "--gtest_also_run_disabled_tests"
Directory: /home/user/3sem/labb/build
"HashTest.ChainHash_Collision_DeleteMiddle" start time: Nov 21 19:45 +07
Output:
----------------------------------------------------------
Running main() from /home/user/3sem/labb/build/_deps/googletest-src/googletest/src/gtest_main.cc
Note: Google Test filter = HashTest.ChainHash_Collision_DeleteMiddle
[==========] Running 1 test from 1 test suite.
[----------] Global test environment set-up.
[----------] 1 test from HashTest
[ RUN      ] HashTest.ChainHash_Collision_DeleteMiddle
[       OK ] HashTest.ChainHash_Collision_DeleteMiddle (0 ms)
[----------] 1 test from HashTest (0 ms total)

[----------] Global test environment tear-down
[==========] 1 test from 1 test suite ran. (0 ms total)
[  PASSED  ] 1 test.
<end of output>
Test time =   0.00 sec
----------------------------------------------------------
Test Passed.
"HashTest.ChainHash_Collision_DeleteMiddle" end time: Nov 21 19:45 +07
"HashTest.ChainHash_Collision_DeleteMiddle" time elapsed: 00:00:00
----------------------------------------------------------

41/202 Testing: HashTest.ChainHash_UpdateValue
41/202 Test: HashTest.ChainHash_UpdateValue
Command: "/home/user/3sem/labb/build/hash_test" "--gtest_filter=HashTest.ChainHash_UpdateValue" "--gtest_also_run_disabled_tests"
Directory: /home/user/3sem/labb/build
"HashTest.ChainHash_UpdateValue" start time: Nov 21 19:45 +07
Output:
----------------------------------------------------------
Running main() from /home/user/3sem/labb/build/_deps/googletest-src/googletest/src/gtest_main.cc
Note: Google Test filter = HashTest.ChainHash_UpdateValue
[==========] Running 1 test from 1 test suite.
[----------] Global test environment set-up.
[----------] 1 test from HashTest
[ RUN      ] HashTest.ChainHash_UpdateValue
[       OK ] HashTest.ChainHash_UpdateValue (0 ms)
[----------] 1 test from HashTest (0 ms total)

[----------] Global test environment tear-down
[==========] 1 test from 1 test suite ran. (0 ms total)
[  PASSED  ] 1 test.
<end of output>
Test time =   0.00 sec
----------------------------------------------------------
Test Passed.
"HashTest.ChainHash_UpdateValue" end time: Nov 21 19:45 +07
"HashTest.ChainHash_UpdateValue" time elapsed: 00:00:00
----------------------------------------------------------

42/202 Testing: HashTest.ChainHash_EmptyOps
42/202 Test: HashTest.ChainHash_EmptyOps
Command: "/home/user/3sem/labb/build/hash_test" "--gtest_filter=HashTest.ChainHash_EmptyOps" "--gtest_also_run_disabled_tests"
Directory: /home/user/3sem/labb/build
"HashTest.ChainHash_EmptyOps" start time: Nov 21 19:45 +07
Output:
----------------------------------------------------------
Running main() from /home/user/3sem/labb/build/_deps/googletest-src/googletest/src/gtest_main.cc
Note: Google Test filter = HashTest.ChainHash_EmptyOps
[==========] Running 1 test from 1 test suite.
[----------] Global test environment set-up.
[----------] 1 test from HashTest
[ RUN      ] HashTest.ChainHash_EmptyOps
[       OK ] HashTest.ChainHash_EmptyOps (0 ms)
[----------] 1 test from HashTest (0 ms total)

[----------] Global test environment tear-down
[==========] 1 test from 1 test suite ran. (0 ms total)
[  PASSED  ] 1 test.
<end of output>
Test time =   0.00 sec
----------------------------------------------------------
Test Passed.
"HashTest.ChainHash_EmptyOps" end time: Nov 21 19:45 +07
"HashTest.ChainHash_EmptyOps" time elapsed: 00:00:00
----------------------------------------------------------

43/202 Testing: HashTest.OpenHash_TableFull_WrapAround
43/202 Test: HashTest.OpenHash_TableFull_WrapAround
Command: "/home/user/3sem/labb/build/hash_test" "--gtest_filter=HashTest.OpenHash_TableFull_WrapAround" "--gtest_also_run_disabled_tests"
Directory: /home/user/3sem/labb/build
"HashTest.OpenHash_TableFull_WrapAround" start time: Nov 21 19:45 +07
Output:
----------------------------------------------------------
Running main() from /home/user/3sem/labb/build/_deps/googletest-src/googletest/src/gtest_main.cc
Note: Google Test filter = HashTest.OpenHash_TableFull_WrapAround
[==========] Running 1 test from 1 test suite.
[----------] Global test environment set-up.
[----------] 1 test from HashTest
[ RUN      ] HashTest.OpenHash_TableFull_WrapAround
[       OK ] HashTest.OpenHash_TableFull_WrapAround (0 ms)
[----------] 1 test from HashTest (0 ms total)

[----------] Global test environment tear-down
[==========] 1 test from 1 test suite ran. (0 ms total)
[  PASSED  ] 1 test.
<end of output>
Test time =   0.00 sec
----------------------------------------------------------
Test Passed.
"HashTest.OpenHash_TableFull_WrapAround" end time: Nov 21 19:45 +07
"HashTest.OpenHash_TableFull_WrapAround" time elapsed: 00:00:00
----------------------------------------------------------

44/202 Testing: HashTest.OpenHash_Deleted_Reuse
44/202 Test: HashTest.OpenHash_Deleted_Reuse
Command: "/home/user/3sem/labb/build/hash_test" "--gtest_filter=HashTest.OpenHash_Deleted_Reuse" "--gtest_also_run_disabled_tests"
Directory: /home/user/3sem/labb/build
"HashTest.OpenHash_Deleted_Reuse" start time: Nov 21 19:45 +07
Output:
----------------------------------------------------------
Running main() from /home/user/3sem/labb/build/_deps/googletest-src/googletest/src/gtest_main.cc
Note: Google Test filter = HashTest.OpenHash_Deleted_Reuse
[==========] Running 1 test from 1 test suite.
[----------] Global test environment set-up.
[----------] 1 test from HashTest
[ RUN      ] HashTest.OpenHash_Deleted_Reuse
[       OK ] HashTest.OpenHash_Deleted_Reuse (0 ms)
[----------] 1 test from HashTest (0 ms total)

[----------] Global test environment tear-down
[==========] 1 test from 1 test suite ran. (0 ms total)
[  PASSED  ] 1 test.
<end of output>
Test time =   0.00 sec
----------------------------------------------------------
Test Passed.
"HashTest.OpenHash_Deleted_Reuse" end time: Nov 21 19:45 +07
"HashTest.OpenHash_Deleted_Reuse" time elapsed: 00:00:00
----------------------------------------------------------

45/202 Testing: HashTest.OpenHash_Loop_NotFound
45/202 Test: HashTest.OpenHash_Loop_NotFound
Command: "/home/user/3sem/labb/build/hash_test" "--gtest_filter=HashTest.OpenHash_Loop_NotFound" "--gtest_also_run_disabled_tests"
Directory: /home/user/3sem/labb/build
"HashTest.OpenHash_Loop_NotFound" start time: Nov 21 19:45 +07
Output:
----------------------------------------------------------
Running main() from /home/user/3sem/labb/build/_deps/googletest-src/googletest/src/gtest_main.cc
Note: Google Test filter = HashTest.OpenHash_Loop_NotFound
[==========] Running 1 test from 1 test suite.
[----------] Global test environment set-up.
[----------] 1 test from HashTest
[ RUN      ] HashTest.OpenHash_Loop_NotFound
[       OK ] HashTest.OpenHash_Loop_NotFound (0 ms)
[----------] 1 test from HashTest (0 ms total)

[----------] Global test environment tear-down
[==========] 1 test from 1 test suite ran. (0 ms total)
[  PASSED  ] 1 test.
<end of output>
Test time =   0.00 sec
----------------------------------------------------------
Test Passed.
"HashTest.OpenHash_Loop_NotFound" end time: Nov 21 19:45 +07
"HashTest.OpenHash_Loop_NotFound" time elapsed: 00:00:00
----------------------------------------------------------

46/202 Testing: HashTest.Hash_IO_Errors
46/202 Test: HashTest.Hash_IO_Errors
Command: "/home/user/3sem/labb/build/hash_test" "--gtest_filter=HashTest.Hash_IO_Errors" "--gtest_also_run_disabled_tests"
Directory: /home/user/3sem/labb/build
"HashTest.Hash_IO_Errors" start time: Nov 21 19:45 +07
Output:
----------------------------------------------------------
Running main() from /home/user/3sem/labb/build/_deps/googletest-src/googletest/src/gtest_main.cc
Note: Google Test filter = HashTest.Hash_IO_Errors
[==========] Running 1 test from 1 test suite.
[----------] Global test environment set-up.
[----------] 1 test from HashTest
[ RUN      ] HashTest.Hash_IO_Errors
[       OK ] HashTest.Hash_IO_Errors (0 ms)
[----------] 1 test from HashTest (0 ms total)

[----------] Global test environment tear-down
[==========] 1 test from 1 test suite ran. (0 ms total)
[  PASSED  ] 1 test.
<end of output>
Test time =   0.00 sec
----------------------------------------------------------
Test Passed.
"HashTest.Hash_IO_Errors" end time: Nov 21 19:45 +07
"HashTest.Hash_IO_Errors" time elapsed: 00:00:00
----------------------------------------------------------

47/202 Testing: HashTest.Hash_Cmd_Parse
47/202 Test: HashTest.Hash_Cmd_Parse
Command: "/home/user/3sem/labb/build/hash_test" "--gtest_filter=HashTest.Hash_Cmd_Parse" "--gtest_also_run_disabled_tests"
Directory: /home/user/3sem/labb/build
"HashTest.Hash_Cmd_Parse" start time: Nov 21 19:45 +07
Output:
----------------------------------------------------------
Running main() from /home/user/3sem/labb/build/_deps/googletest-src/googletest/src/gtest_main.cc
Note: Google Test filter = HashTest.Hash_Cmd_Parse
[==========] Running 1 test from 1 test suite.
[----------] Global test environment set-up.
[----------] 1 test from HashTest
[ RUN      ] HashTest.Hash_Cmd_Parse
[       OK ] HashTest.Hash_Cmd_Parse (0 ms)
[----------] 1 test from HashTest (0 ms total)

[----------] Global test environment tear-down
[==========] 1 test from 1 test suite ran. (0 ms total)
[  PASSED  ] 1 test.
<end of output>
Test time =   0.00 sec
----------------------------------------------------------
Test Passed.
"HashTest.Hash_Cmd_Parse" end time: Nov 21 19:45 +07
"HashTest.Hash_Cmd_Parse" time elapsed: 00:00:00
----------------------------------------------------------

48/202 Testing: HashTest.hash_man_scripted
48/202 Test: HashTest.hash_man_scripted
Command: "/home/user/3sem/labb/build/hash_test" "--gtest_filter=HashTest.hash_man_scripted" "--gtest_also_run_disabled_tests"
Directory: /home/user/3sem/labb/build
"HashTest.hash_man_scripted" start time: Nov 21 19:45 +07
Output:
----------------------------------------------------------
Running main() from /home/user/3sem/labb/build/_deps/googletest-src/googletest/src/gtest_main.cc
Note: Google Test filter = HashTest.hash_man_scripted
[==========] Running 1 test from 1 test suite.
[----------] Global test environment set-up.
[----------] 1 test from HashTest
[ RUN      ] HashTest.hash_man_scripted
[       OK ] HashTest.hash_man_scripted (0 ms)
[----------] 1 test from HashTest (0 ms total)

[----------] Global test environment tear-down
[==========] 1 test from 1 test suite ran. (0 ms total)
[  PASSED  ] 1 test.
<end of output>
Test time =   0.00 sec
----------------------------------------------------------
Test Passed.
"HashTest.hash_man_scripted" end time: Nov 21 19:45 +07
"HashTest.hash_man_scripted" time elapsed: 00:00:00
----------------------------------------------------------

49/202 Testing: MyListTest.Branch_Deletions
49/202 Test: MyListTest.Branch_Deletions
Command: "/home/user/3sem/labb/build/list_test" "--gtest_filter=MyListTest.Branch_Deletions" "--gtest_also_run_disabled_tests"
Directory: /home/user/3sem/labb/build
"MyListTest.Branch_Deletions" start time: Nov 21 19:45 +07
Output:
----------------------------------------------------------
Running main() from /home/user/3sem/labb/build/_deps/googletest-src/googletest/src/gtest_main.cc
Note: Google Test filter = MyListTest.Branch_Deletions
[==========] Running 1 test from 1 test suite.
[----------] Global test environment set-up.
[----------] 1 test from MyListTest
[ RUN      ] MyListTest.Branch_Deletions
[       OK ] MyListTest.Branch_Deletions (0 ms)
[----------] 1 test from MyListTest (0 ms total)

[----------] Global test environment tear-down
[==========] 1 test from 1 test suite ran. (0 ms total)
[  PASSED  ] 1 test.
<end of output>
Test time =   0.00 sec
----------------------------------------------------------
Test Passed.
"MyListTest.Branch_Deletions" end time: Nov 21 19:45 +07
"MyListTest.Branch_Deletions" time elapsed: 00:00:00
----------------------------------------------------------

50/202 Testing: MyListTest.Branch_AdvancedOps
50/202 Test: MyListTest.Branch_AdvancedOps
Command: "/home/user/3sem/labb/build/list_test" "--gtest_filter=MyListTest.Branch_AdvancedOps" "--gtest_also_run_disabled_tests"
Directory: /home/user/3sem/labb/build
"MyListTest.Branch_AdvancedOps" start time: Nov 21 19:45 +07
Output:
----------------------------------------------------------
Running main() from /home/user/3sem/labb/build/_deps/googletest-src/googletest/src/gtest_main.cc
Note: Google Test filter = MyListTest.Branch_AdvancedOps
[==========] Running 1 test from 1 test suite.
[----------] Global test environment set-up.
[----------] 1 test from MyListTest
[ RUN      ] MyListTest.Branch_AdvancedOps
[       OK ] MyListTest.Branch_AdvancedOps (0 ms)
[----------] 1 test from MyListTest (0 ms total)

[----------] Global test environment tear-down
[==========] 1 test from 1 test suite ran. (0 ms total)
[  PASSED  ] 1 test.
<end of output>
Test time =   0.00 sec
----------------------------------------------------------
Test Passed.
"MyListTest.Branch_AdvancedOps" end time: Nov 21 19:45 +07
"MyListTest.Branch_AdvancedOps" time elapsed: 00:00:00
----------------------------------------------------------

51/202 Testing: MyListTest.AddBeforeHeadValue
51/202 Test: MyListTest.AddBeforeHeadValue
Command: "/home/user/3sem/labb/build/list_test" "--gtest_filter=MyListTest.AddBeforeHeadValue" "--gtest_also_run_disabled_tests"
Directory: /home/user/3sem/labb/build
"MyListTest.AddBeforeHeadValue" start time: Nov 21 19:45 +07
Output:
----------------------------------------------------------
Running main() from /home/user/3sem/labb/build/_deps/googletest-src/googletest/src/gtest_main.cc
Note: Google Test filter = MyListTest.AddBeforeHeadValue
[==========] Running 1 test from 1 test suite.
[----------] Global test environment set-up.
[----------] 1 test from MyListTest
[ RUN      ] MyListTest.AddBeforeHeadValue
[       OK ] MyListTest.AddBeforeHeadValue (0 ms)
[----------] 1 test from MyListTest (0 ms total)

[----------] Global test environment tear-down
[==========] 1 test from 1 test suite ran. (0 ms total)
[  PASSED  ] 1 test.
<end of output>
Test time =   0.00 sec
----------------------------------------------------------
Test Passed.
"MyListTest.AddBeforeHeadValue" end time: Nov 21 19:45 +07
"MyListTest.AddBeforeHeadValue" time elapsed: 00:00:00
----------------------------------------------------------

52/202 Testing: MyListTest.AddAfterNotFound
52/202 Test: MyListTest.AddAfterNotFound
Command: "/home/user/3sem/labb/build/list_test" "--gtest_filter=MyListTest.AddAfterNotFound" "--gtest_also_run_disabled_tests"
Directory: /home/user/3sem/labb/build
"MyListTest.AddAfterNotFound" start time: Nov 21 19:45 +07
Output:
----------------------------------------------------------
Running main() from /home/user/3sem/labb/build/_deps/googletest-src/googletest/src/gtest_main.cc
Note: Google Test filter = MyListTest.AddAfterNotFound
[==========] Running 1 test from 1 test suite.
[----------] Global test environment set-up.
[----------] 1 test from MyListTest
[ RUN      ] MyListTest.AddAfterNotFound
[       OK ] MyListTest.AddAfterNotFound (0 ms)
[----------] 1 test from MyListTest (0 ms total)

[----------] Global test environment tear-down
[==========] 1 test from 1 test suite ran. (0 ms total)
[  PASSED  ] 1 test.
<end of output>
Test time =   0.00 sec
----------------------------------------------------------
Test Passed.
"MyListTest.AddAfterNotFound" end time: Nov 21 19:45 +07
"MyListTest.AddAfterNotFound" time elapsed: 00:00:00
----------------------------------------------------------

53/202 Testing: MyListTest.DelByValueEmpty
53/202 Test: MyListTest.DelByValueEmpty
Command: "/home/user/3sem/labb/build/list_test" "--gtest_filter=MyListTest.DelByValueEmpty" "--gtest_also_run_disabled_tests"
Directory: /home/user/3sem/labb/build
"MyListTest.DelByValueEmpty" start time: Nov 21 19:45 +07
Output:
----------------------------------------------------------
Running main() from /home/user/3sem/labb/build/_deps/googletest-src/googletest/src/gtest_main.cc
Note: Google Test filter = MyListTest.DelByValueEmpty
[==========] Running 1 test from 1 test suite.
[----------] Global test environment set-up.
[----------] 1 test from MyListTest
[ RUN      ] MyListTest.DelByValueEmpty
[       OK ] MyListTest.DelByValueEmpty (0 ms)
[----------] 1 test from MyListTest (0 ms total)

[----------] Global test environment tear-down
[==========] 1 test from 1 test suite ran. (0 ms total)
[  PASSED  ] 1 test.
<end of output>
Test time =   0.00 sec
----------------------------------------------------------
Test Passed.
"MyListTest.DelByValueEmpty" end time: Nov 21 19:45 +07
"MyListTest.DelByValueEmpty" time elapsed: 00:00:00
----------------------------------------------------------

54/202 Testing: MyListTest.DelTailMultiple
54/202 Test: MyListTest.DelTailMultiple
Command: "/home/user/3sem/labb/build/list_test" "--gtest_filter=MyListTest.DelTailMultiple" "--gtest_also_run_disabled_tests"
Directory: /home/user/3sem/labb/build
"MyListTest.DelTailMultiple" start time: Nov 21 19:45 +07
Output:
----------------------------------------------------------
Running main() from /home/user/3sem/labb/build/_deps/googletest-src/googletest/src/gtest_main.cc
Note: Google Test filter = MyListTest.DelTailMultiple
[==========] Running 1 test from 1 test suite.
[----------] Global test environment set-up.
[----------] 1 test from MyListTest
[ RUN      ] MyListTest.DelTailMultiple
[       OK ] MyListTest.DelTailMultiple (0 ms)
[----------] 1 test from MyListTest (0 ms total)

[----------] Global test environment tear-down
[==========] 1 test from 1 test suite ran. (0 ms total)
[  PASSED  ] 1 test.
<end of output>
Test time =   0.00 sec
----------------------------------------------------------
Test Passed.
"MyListTest.DelTailMultiple" end time: Nov 21 19:45 +07
"MyListTest.DelTailMultiple" time elapsed: 00:00:00
----------------------------------------------------------

55/202 Testing: MyListTest.Coverage_EmptyPrints
55/202 Test: MyListTest.Coverage_EmptyPrints
Command: "/home/user/3sem/labb/build/list_test" "--gtest_filter=MyListTest.Coverage_EmptyPrints" "--gtest_also_run_disabled_tests"
Directory: /home/user/3sem/labb/build
"MyListTest.Coverage_EmptyPrints" start time: Nov 21 19:45 +07
Output:
----------------------------------------------------------
Running main() from /home/user/3sem/labb/build/_deps/googletest-src/googletest/src/gtest_main.cc
Note: Google Test filter = MyListTest.Coverage_EmptyPrints
[==========] Running 1 test from 1 test suite.
[----------] Global test environment set-up.
[----------] 1 test from MyListTest
[ RUN      ] MyListTest.Coverage_EmptyPrints
[       OK ] MyListTest.Coverage_EmptyPrints (0 ms)
[----------] 1 test from MyListTest (0 ms total)

[----------] Global test environment tear-down
[==========] 1 test from 1 test suite ran. (0 ms total)
[  PASSED  ] 1 test.
<end of output>
Test time =   0.00 sec
----------------------------------------------------------
Test Passed.
"MyListTest.Coverage_EmptyPrints" end time: Nov 21 19:45 +07
"MyListTest.Coverage_EmptyPrints" time elapsed: 00:00:00
----------------------------------------------------------

56/202 Testing: MyListTest.Coverage_DelHeadEmpty
56/202 Test: MyListTest.Coverage_DelHeadEmpty
Command: "/home/user/3sem/labb/build/list_test" "--gtest_filter=MyListTest.Coverage_DelHeadEmpty" "--gtest_also_run_disabled_tests"
Directory: /home/user/3sem/labb/build
"MyListTest.Coverage_DelHeadEmpty" start time: Nov 21 19:45 +07
Output:
----------------------------------------------------------
Running main() from /home/user/3sem/labb/build/_deps/googletest-src/googletest/src/gtest_main.cc
Note: Google Test filter = MyListTest.Coverage_DelHeadEmpty
[==========] Running 1 test from 1 test suite.
[----------] Global test environment set-up.
[----------] 1 test from MyListTest
[ RUN      ] MyListTest.Coverage_DelHeadEmpty
[       OK ] MyListTest.Coverage_DelHeadEmpty (0 ms)
[----------] 1 test from MyListTest (0 ms total)

[----------] Global test environment tear-down
[==========] 1 test from 1 test suite ran. (0 ms total)
[  PASSED  ] 1 test.
<end of output>
Test time =   0.00 sec
----------------------------------------------------------
Test Passed.
"MyListTest.Coverage_DelHeadEmpty" end time: Nov 21 19:45 +07
"MyListTest.Coverage_DelHeadEmpty" time elapsed: 00:00:00
----------------------------------------------------------

57/202 Testing: MyListTest.Coverage_Serialization_Fail
57/202 Test: MyListTest.Coverage_Serialization_Fail
Command: "/home/user/3sem/labb/build/list_test" "--gtest_filter=MyListTest.Coverage_Serialization_Fail" "--gtest_also_run_disabled_tests"
Directory: /home/user/3sem/labb/build
"MyListTest.Coverage_Serialization_Fail" start time: Nov 21 19:45 +07
Output:
----------------------------------------------------------
Running main() from /home/user/3sem/labb/build/_deps/googletest-src/googletest/src/gtest_main.cc
Note: Google Test filter = MyListTest.Coverage_Serialization_Fail
[==========] Running 1 test from 1 test suite.
[----------] Global test environment set-up.
[----------] 1 test from MyListTest
[ RUN      ] MyListTest.Coverage_Serialization_Fail
[       OK ] MyListTest.Coverage_Serialization_Fail (0 ms)
[----------] 1 test from MyListTest (0 ms total)

[----------] Global test environment tear-down
[==========] 1 test from 1 test suite ran. (0 ms total)
[  PASSED  ] 1 test.
<end of output>
Test time =   0.00 sec
----------------------------------------------------------
Test Passed.
"MyListTest.Coverage_Serialization_Fail" end time: Nov 21 19:45 +07
"MyListTest.Coverage_Serialization_Fail" time elapsed: 00:00:00
----------------------------------------------------------

58/202 Testing: MyListTest.Coverage_Load_Corrupted
58/202 Test: MyListTest.Coverage_Load_Corrupted
Command: "/home/user/3sem/labb/build/list_test" "--gtest_filter=MyListTest.Coverage_Load_Corrupted" "--gtest_also_run_disabled_tests"
Directory: /home/user/3sem/labb/build
"MyListTest.Coverage_Load_Corrupted" start time: Nov 21 19:45 +07
Output:
----------------------------------------------------------
Running main() from /home/user/3sem/labb/build/_deps/googletest-src/googletest/src/gtest_main.cc
Note: Google Test filter = MyListTest.Coverage_Load_Corrupted
[==========] Running 1 test from 1 test suite.
[----------] Global test environment set-up.
[----------] 1 test from MyListTest
[ RUN      ] MyListTest.Coverage_Load_Corrupted
[       OK ] MyListTest.Coverage_Load_Corrupted (0 ms)
[----------] 1 test from MyListTest (0 ms total)

[----------] Global test environment tear-down
[==========] 1 test from 1 test suite ran. (0 ms total)
[  PASSED  ] 1 test.
<end of output>
Test time =   0.00 sec
----------------------------------------------------------
Test Passed.
"MyListTest.Coverage_Load_Corrupted" end time: Nov 21 19:45 +07
"MyListTest.Coverage_Load_Corrupted" time elapsed: 00:00:00
----------------------------------------------------------

59/202 Testing: MyListTest.Coverage_Delete_From_Empty
59/202 Test: MyListTest.Coverage_Delete_From_Empty
Command: "/home/user/3sem/labb/build/list_test" "--gtest_filter=MyListTest.Coverage_Delete_From_Empty" "--gtest_also_run_disabled_tests"
Directory: /home/user/3sem/labb/build
"MyListTest.Coverage_Delete_From_Empty" start time: Nov 21 19:45 +07
Output:
----------------------------------------------------------
Running main() from /home/user/3sem/labb/build/_deps/googletest-src/googletest/src/gtest_main.cc
Note: Google Test filter = MyListTest.Coverage_Delete_From_Empty
[==========] Running 1 test from 1 test suite.
[----------] Global test environment set-up.
[----------] 1 test from MyListTest
[ RUN      ] MyListTest.Coverage_Delete_From_Empty
[       OK ] MyListTest.Coverage_Delete_From_Empty (0 ms)
[----------] 1 test from MyListTest (0 ms total)

[----------] Global test environment tear-down
[==========] 1 test from 1 test suite ran. (0 ms total)
[  PASSED  ] 1 test.
<end of output>
Test time =   0.00 sec
----------------------------------------------------------
Test Passed.
"MyListTest.Coverage_Delete_From_Empty" end time: Nov 21 19:45 +07
"MyListTest.Coverage_Delete_From_Empty" time elapsed: 00:00:00
----------------------------------------------------------

60/202 Testing: MyListTest.Coverage_Add_EdgeCases
60/202 Test: MyListTest.Coverage_Add_EdgeCases
Command: "/home/user/3sem/labb/build/list_test" "--gtest_filter=MyListTest.Coverage_Add_EdgeCases" "--gtest_also_run_disabled_tests"
Directory: /home/user/3sem/labb/build
"MyListTest.Coverage_Add_EdgeCases" start time: Nov 21 19:45 +07
Output:
----------------------------------------------------------
Running main() from /home/user/3sem/labb/build/_deps/googletest-src/googletest/src/gtest_main.cc
Note: Google Test filter = MyListTest.Coverage_Add_EdgeCases
[==========] Running 1 test from 1 test suite.
[----------] Global test environment set-up.
[----------] 1 test from MyListTest
[ RUN      ] MyListTest.Coverage_Add_EdgeCases
[       OK ] MyListTest.Coverage_Add_EdgeCases (0 ms)
[----------] 1 test from MyListTest (0 ms total)

[----------] Global test environment tear-down
[==========] 1 test from 1 test suite ran. (0 ms total)
[  PASSED  ] 1 test.
<end of output>
Test time =   0.00 sec
----------------------------------------------------------
Test Passed.
"MyListTest.Coverage_Add_EdgeCases" end time: Nov 21 19:45 +07
"MyListTest.Coverage_Add_EdgeCases" time elapsed: 00:00:00
----------------------------------------------------------

61/202 Testing: MyListTest.Coverage_Delete_Head_Tail_SingleElement
61/202 Test: MyListTest.Coverage_Delete_Head_Tail_SingleElement
Command: "/home/user/3sem/labb/build/list_test" "--gtest_filter=MyListTest.Coverage_Delete_Head_Tail_SingleElement" "--gtest_also_run_disabled_tests"
Directory: /home/user/3sem/labb/build
"MyListTest.Coverage_Delete_Head_Tail_SingleElement" start time: Nov 21 19:45 +07
Output:
----------------------------------------------------------
Running main() from /home/user/3sem/labb/build/_deps/googletest-src/googletest/src/gtest_main.cc
Note: Google Test filter = MyListTest.Coverage_Delete_Head_Tail_SingleElement
[==========] Running 1 test from 1 test suite.
[----------] Global test environment set-up.
[----------] 1 test from MyListTest
[ RUN      ] MyListTest.Coverage_Delete_Head_Tail_SingleElement
[       OK ] MyListTest.Coverage_Delete_Head_Tail_SingleElement (0 ms)
[----------] 1 test from MyListTest (0 ms total)

[----------] Global test environment tear-down
[==========] 1 test from 1 test suite ran. (0 ms total)
[  PASSED  ] 1 test.
<end of output>
Test time =   0.00 sec
----------------------------------------------------------
Test Passed.
"MyListTest.Coverage_Delete_Head_Tail_SingleElement" end time: Nov 21 19:45 +07
"MyListTest.Coverage_Delete_Head_Tail_SingleElement" time elapsed: 00:00:00
----------------------------------------------------------

62/202 Testing: MyListTest.Coverage_DelByValue_Cases
62/202 Test: MyListTest.Coverage_DelByValue_Cases
Command: "/home/user/3sem/labb/build/list_test" "--gtest_filter=MyListTest.Coverage_DelByValue_Cases" "--gtest_also_run_disabled_tests"
Directory: /home/user/3sem/labb/build
"MyListTest.Coverage_DelByValue_Cases" start time: Nov 21 19:45 +07
Output:
----------------------------------------------------------
Running main() from /home/user/3sem/labb/build/_deps/googletest-src/googletest/src/gtest_main.cc
Note: Google Test filter = MyListTest.Coverage_DelByValue_Cases
[==========] Running 1 test from 1 test suite.
[----------] Global test environment set-up.
[----------] 1 test from MyListTest
[ RUN      ] MyListTest.Coverage_DelByValue_Cases
[       OK ] MyListTest.Coverage_DelByValue_Cases (0 ms)
[----------] 1 test from MyListTest (0 ms total)

[----------] Global test environment tear-down
[==========] 1 test from 1 test suite ran. (0 ms total)
[  PASSED  ] 1 test.
<end of output>
Test time =   0.00 sec
----------------------------------------------------------
Test Passed.
"MyListTest.Coverage_DelByValue_Cases" end time: Nov 21 19:45 +07
"MyListTest.Coverage_DelByValue_Cases" time elapsed: 00:00:00
----------------------------------------------------------

63/202 Testing: MyListTest.Coverage_DelAfter_DelBefore
63/202 Test: MyListTest.Coverage_DelAfter_DelBefore
Command: "/home/user/3sem/labb/build/list_test" "--gtest_filter=MyListTest.Coverage_DelAfter_DelBefore" "--gtest_also_run_disabled_tests"
Directory: /home/user/3sem/labb/build
"MyListTest.Coverage_DelAfter_DelBefore" start time: Nov 21 19:45 +07
Output:
----------------------------------------------------------
Running main() from /home/user/3sem/labb/build/_deps/googletest-src/googletest/src/gtest_main.cc
Note: Google Test filter = MyListTest.Coverage_DelAfter_DelBefore
[==========] Running 1 test from 1 test suite.
[----------] Global test environment set-up.
[----------] 1 test from MyListTest
[ RUN      ] MyListTest.Coverage_DelAfter_DelBefore
[       OK ] MyListTest.Coverage_DelAfter_DelBefore (0 ms)
[----------] 1 test from MyListTest (0 ms total)

[----------] Global test environment tear-down
[==========] 1 test from 1 test suite ran. (0 ms total)
[  PASSED  ] 1 test.
<end of output>
Test time =   0.00 sec
----------------------------------------------------------
Test Passed.
"MyListTest.Coverage_DelAfter_DelBefore" end time: Nov 21 19:45 +07
"MyListTest.Coverage_DelAfter_DelBefore" time elapsed: 00:00:00
----------------------------------------------------------

64/202 Testing: MyListTest.Coverage_IO_Failures
64/202 Test: MyListTest.Coverage_IO_Failures
Command: "/home/user/3sem/labb/build/list_test" "--gtest_filter=MyListTest.Coverage_IO_Failures" "--gtest_also_run_disabled_tests"
Directory: /home/user/3sem/labb/build
"MyListTest.Coverage_IO_Failures" start time: Nov 21 19:45 +07
Output:
----------------------------------------------------------
Running main() from /home/user/3sem/labb/build/_deps/googletest-src/googletest/src/gtest_main.cc
Note: Google Test filter = MyListTest.Coverage_IO_Failures
[==========] Running 1 test from 1 test suite.
[----------] Global test environment set-up.
[----------] 1 test from MyListTest
[ RUN      ] MyListTest.Coverage_IO_Failures
[       OK ] MyListTest.Coverage_IO_Failures (0 ms)
[----------] 1 test from MyListTest (0 ms total)

[----------] Global test environment tear-down
[==========] 1 test from 1 test suite ran. (0 ms total)
[  PASSED  ] 1 test.
<end of output>
Test time =   0.00 sec
----------------------------------------------------------
Test Passed.
"MyListTest.Coverage_IO_Failures" end time: Nov 21 19:45 +07
"MyListTest.Coverage_IO_Failures" time elapsed: 00:00:00
----------------------------------------------------------

65/202 Testing: MyListTest.Coverage_Load_Overwrite
65/202 Test: MyListTest.Coverage_Load_Overwrite
Command: "/home/user/3sem/labb/build/list_test" "--gtest_filter=MyListTest.Coverage_Load_Overwrite" "--gtest_also_run_disabled_tests"
Directory: /home/user/3sem/labb/build
"MyListTest.Coverage_Load_Overwrite" start time: Nov 21 19:45 +07
Output:
[...]
"complexity_benchmark" time elapsed: 00:00:01
----------------------------------------------------------

194/202 Testing: benchmark_gtest
194/202 Test: benchmark_gtest
Command: "/home/user/3sem/labb/build/_deps/googlebenchmark-build/test/benchmark_gtest"
Directory: /home/user/3sem/labb/build/_deps/googlebenchmark-build/test
"benchmark_gtest" start time: Nov 21 19:45 +07
Output:
----------------------------------------------------------
Running main() from gmock_main.cc
[==========] Running 20 tests from 2 test suites.
[----------] Global test environment set-up.
[----------] 18 tests from AddRangeTest
[ RUN      ] AddRangeTest.Simple
[       OK ] AddRangeTest.Simple (0 ms)
[ RUN      ] AddRangeTest.Simple64
[       OK ] AddRangeTest.Simple64 (0 ms)
[ RUN      ] AddRangeTest.Advanced
[       OK ] AddRangeTest.Advanced (0 ms)
[ RUN      ] AddRangeTest.Advanced64
[       OK ] AddRangeTest.Advanced64 (0 ms)
[ RUN      ] AddRangeTest.FullRange8
[       OK ] AddRangeTest.FullRange8 (0 ms)
[ RUN      ] AddRangeTest.FullRange64
[       OK ] AddRangeTest.FullRange64 (0 ms)
[ RUN      ] AddRangeTest.NegativeRanges
[       OK ] AddRangeTest.NegativeRanges (0 ms)
[ RUN      ] AddRangeTest.StrictlyNegative
[       OK ] AddRangeTest.StrictlyNegative (0 ms)
[ RUN      ] AddRangeTest.SymmetricNegativeRanges
[       OK ] AddRangeTest.SymmetricNegativeRanges (0 ms)
[ RUN      ] AddRangeTest.SymmetricNegativeRangesOddMult
[       OK ] AddRangeTest.SymmetricNegativeRangesOddMult (0 ms)
[ RUN      ] AddRangeTest.NegativeRangesAsymmetric
[       OK ] AddRangeTest.NegativeRangesAsymmetric (0 ms)
[ RUN      ] AddRangeTest.NegativeRangesLargeStep
[       OK ] AddRangeTest.NegativeRangesLargeStep (0 ms)
[ RUN      ] AddRangeTest.ZeroOnlyRange
[       OK ] AddRangeTest.ZeroOnlyRange (0 ms)
[ RUN      ] AddRangeTest.ZeroStartingRange
[       OK ] AddRangeTest.ZeroStartingRange (0 ms)
[ RUN      ] AddRangeTest.NegativeRange64
[       OK ] AddRangeTest.NegativeRange64 (0 ms)
[ RUN      ] AddRangeTest.NegativeRangePreservesExistingOrder
[       OK ] AddRangeTest.NegativeRangePreservesExistingOrder (0 ms)
[ RUN      ] AddRangeTest.FullNegativeRange64
[       OK ] AddRangeTest.FullNegativeRange64 (0 ms)
[ RUN      ] AddRangeTest.Simple8
[       OK ] AddRangeTest.Simple8 (0 ms)
[----------] 18 tests from AddRangeTest (0 ms total)

[----------] 2 tests from AddCustomContext
[ RUN      ] AddCustomContext.Simple
[       OK ] AddCustomContext.Simple (0 ms)
[ RUN      ] AddCustomContext.DuplicateKey
Failed to add custom context "foo" as it already exists with value "qux"
[       OK ] AddCustomContext.DuplicateKey (0 ms)
[----------] 2 tests from AddCustomContext (0 ms total)

[----------] Global test environment tear-down
[==========] 20 tests from 2 test suites ran. (0 ms total)
[  PASSED  ] 20 tests.
<end of output>
Test time =   0.01 sec
----------------------------------------------------------
Test Passed.
"benchmark_gtest" end time: Nov 21 19:45 +07
"benchmark_gtest" time elapsed: 00:00:00
----------------------------------------------------------

195/202 Testing: benchmark_name_gtest
195/202 Test: benchmark_name_gtest
Command: "/home/user/3sem/labb/build/_deps/googlebenchmark-build/test/benchmark_name_gtest"
Directory: /home/user/3sem/labb/build/_deps/googlebenchmark-build/test
"benchmark_name_gtest" start time: Nov 21 19:45 +07
Output:
----------------------------------------------------------
Running main() from gmock_main.cc
[==========] Running 10 tests from 1 test suite.
[----------] Global test environment set-up.
[----------] 10 tests from BenchmarkNameTest
[ RUN      ] BenchmarkNameTest.Empty
[       OK ] BenchmarkNameTest.Empty (0 ms)
[ RUN      ] BenchmarkNameTest.FunctionName
[       OK ] BenchmarkNameTest.FunctionName (0 ms)
[ RUN      ] BenchmarkNameTest.FunctionNameAndArgs
[       OK ] BenchmarkNameTest.FunctionNameAndArgs (0 ms)
[ RUN      ] BenchmarkNameTest.MinTime
[       OK ] BenchmarkNameTest.MinTime (0 ms)
[ RUN      ] BenchmarkNameTest.MinWarmUpTime
[       OK ] BenchmarkNameTest.MinWarmUpTime (0 ms)
[ RUN      ] BenchmarkNameTest.Iterations
[       OK ] BenchmarkNameTest.Iterations (0 ms)
[ RUN      ] BenchmarkNameTest.Repetitions
[       OK ] BenchmarkNameTest.Repetitions (0 ms)
[ RUN      ] BenchmarkNameTest.TimeType
[       OK ] BenchmarkNameTest.TimeType (0 ms)
[ RUN      ] BenchmarkNameTest.Threads
[       OK ] BenchmarkNameTest.Threads (0 ms)
[ RUN      ] BenchmarkNameTest.TestEmptyFunctionName
[       OK ] BenchmarkNameTest.TestEmptyFunctionName (0 ms)
[----------] 10 tests from BenchmarkNameTest (0 ms total)

[----------] Global test environment tear-down
[==========] 10 tests from 1 test suite ran. (0 ms total)
[  PASSED  ] 10 tests.
<end of output>
Test time =   0.01 sec
----------------------------------------------------------
Test Passed.
"benchmark_name_gtest" end time: Nov 21 19:45 +07
"benchmark_name_gtest" time elapsed: 00:00:00
----------------------------------------------------------

196/202 Testing: benchmark_random_interleaving_gtest
196/202 Test: benchmark_random_interleaving_gtest
Command: "/home/user/3sem/labb/build/_deps/googlebenchmark-build/test/benchmark_random_interleaving_gtest"
Directory: /home/user/3sem/labb/build/_deps/googlebenchmark-build/test
"benchmark_random_interleaving_gtest" start time: Nov 21 19:45 +07
Output:
----------------------------------------------------------
Running main() from gmock_main.cc
[==========] Running 3 tests from 1 test suite.
[----------] Global test environment set-up.
[----------] 3 tests from BenchmarkTest
[ RUN      ] BenchmarkTest.Match1
[       OK ] BenchmarkTest.Match1 (0 ms)
[ RUN      ] BenchmarkTest.Match1WithRepetition
[       OK ] BenchmarkTest.Match1WithRepetition (0 ms)
[ RUN      ] BenchmarkTest.Match1WithRandomInterleaving
[       OK ] BenchmarkTest.Match1WithRandomInterleaving (1 ms)
[----------] 3 tests from BenchmarkTest (2 ms total)

[----------] Global test environment tear-down
[==========] 3 tests from 1 test suite ran. (2 ms total)
[  PASSED  ] 3 tests.
<end of output>
Test time =   0.01 sec
----------------------------------------------------------
Test Passed.
"benchmark_random_interleaving_gtest" end time: Nov 21 19:45 +07
"benchmark_random_interleaving_gtest" time elapsed: 00:00:00
----------------------------------------------------------

197/202 Testing: commandlineflags_gtest
197/202 Test: commandlineflags_gtest
Command: "/home/user/3sem/labb/build/_deps/googlebenchmark-build/test/commandlineflags_gtest"
Directory: /home/user/3sem/labb/build/_deps/googlebenchmark-build/test
"commandlineflags_gtest" start time: Nov 21 19:45 +07
Output:
----------------------------------------------------------
Running main() from gmock_main.cc
[==========] Running 15 tests from 5 test suites.
[----------] Global test environment set-up.
[----------] 3 tests from BoolFromEnv
[ RUN      ] BoolFromEnv.Default
[       OK ] BoolFromEnv.Default (0 ms)
[ RUN      ] BoolFromEnv.False
[       OK ] BoolFromEnv.False (0 ms)
[ RUN      ] BoolFromEnv.True
[       OK ] BoolFromEnv.True (0 ms)
[----------] 3 tests from BoolFromEnv (0 ms total)

[----------] 3 tests from Int32FromEnv
[ RUN      ] Int32FromEnv.NotInEnv
[       OK ] Int32FromEnv.NotInEnv (0 ms)
[ RUN      ] Int32FromEnv.InvalidInteger
Environment variable IN_ENV is expected to be a 32-bit integer, but actually has value "foo".
[       OK ] Int32FromEnv.InvalidInteger (0 ms)
[ RUN      ] Int32FromEnv.ValidInteger
[       OK ] Int32FromEnv.ValidInteger (0 ms)
[----------] 3 tests from Int32FromEnv (0 ms total)

[----------] 3 tests from DoubleFromEnv
[ RUN      ] DoubleFromEnv.NotInEnv
[       OK ] DoubleFromEnv.NotInEnv (0 ms)
[ RUN      ] DoubleFromEnv.InvalidReal
Environment variable IN_ENV is expected to be a double, but actually has value "foo".
[       OK ] DoubleFromEnv.InvalidReal (0 ms)
[ RUN      ] DoubleFromEnv.ValidReal
[       OK ] DoubleFromEnv.ValidReal (0 ms)
[----------] 3 tests from DoubleFromEnv (0 ms total)

[----------] 2 tests from StringFromEnv
[ RUN      ] StringFromEnv.Default
[       OK ] StringFromEnv.Default (0 ms)
[ RUN      ] StringFromEnv.Valid
[       OK ] StringFromEnv.Valid (0 ms)
[----------] 2 tests from StringFromEnv (0 ms total)

[----------] 4 tests from KvPairsFromEnv
[ RUN      ] KvPairsFromEnv.Default
[       OK ] KvPairsFromEnv.Default (0 ms)
[ RUN      ] KvPairsFromEnv.MalformedReturnsDefault
Environment variable IN_ENV is expected to be a comma-separated list of <key>=<value> strings, but actually has value "foo".
[       OK ] KvPairsFromEnv.MalformedReturnsDefault (0 ms)
[ RUN      ] KvPairsFromEnv.Single
[       OK ] KvPairsFromEnv.Single (0 ms)
[ RUN      ] KvPairsFromEnv.Multiple
[       OK ] KvPairsFromEnv.Multiple (0 ms)
[----------] 4 tests from KvPairsFromEnv (0 ms total)

[----------] Global test environment tear-down
[==========] 15 tests from 5 test suites ran. (0 ms total)
[  PASSED  ] 15 tests.
<end of output>
Test time =   0.01 sec
----------------------------------------------------------
Test Passed.
"commandlineflags_gtest" end time: Nov 21 19:45 +07
"commandlineflags_gtest" time elapsed: 00:00:00
----------------------------------------------------------

198/202 Testing: statistics_gtest
198/202 Test: statistics_gtest
Command: "/home/user/3sem/labb/build/_deps/googlebenchmark-build/test/statistics_gtest"
Directory: /home/user/3sem/labb/build/_deps/googlebenchmark-build/test
"statistics_gtest" start time: Nov 21 19:45 +07
Output:
----------------------------------------------------------
Running main() from gmock_main.cc
[==========] Running 4 tests from 1 test suite.
[----------] Global test environment set-up.
[----------] 4 tests from StatisticsTest
[ RUN      ] StatisticsTest.Mean
[       OK ] StatisticsTest.Mean (0 ms)
[ RUN      ] StatisticsTest.Median
[       OK ] StatisticsTest.Median (0 ms)
[ RUN      ] StatisticsTest.StdDev
[       OK ] StatisticsTest.StdDev (0 ms)
[ RUN      ] StatisticsTest.CV
[       OK ] StatisticsTest.CV (0 ms)
[----------] 4 tests from StatisticsTest (0 ms total)

[----------] Global test environment tear-down
[==========] 4 tests from 1 test suite ran. (0 ms total)
[  PASSED  ] 4 tests.
<end of output>
Test time =   0.01 sec
----------------------------------------------------------
Test Passed.
"statistics_gtest" end time: Nov 21 19:45 +07
"statistics_gtest" time elapsed: 00:00:00
----------------------------------------------------------

199/202 Testing: string_util_gtest
199/202 Test: string_util_gtest
Command: "/home/user/3sem/labb/build/_deps/googlebenchmark-build/test/string_util_gtest"
Directory: /home/user/3sem/labb/build/_deps/googlebenchmark-build/test
"string_util_gtest" start time: Nov 21 19:45 +07
Output:
----------------------------------------------------------
Running main() from gmock_main.cc
[==========] Running 20 tests from 2 test suites.
[----------] Global test environment set-up.
[----------] 4 tests from StringUtilTest
[ RUN      ] StringUtilTest.stoul
[       OK ] StringUtilTest.stoul (0 ms)
[ RUN      ] StringUtilTest.stoi
[       OK ] StringUtilTest.stoi (0 ms)
[ RUN      ] StringUtilTest.stod
[       OK ] StringUtilTest.stod (0 ms)
[ RUN      ] StringUtilTest.StrSplit
[       OK ] StringUtilTest.StrSplit (0 ms)
[----------] 4 tests from StringUtilTest (0 ms total)

[----------] 16 tests from HumanReadableTests/HumanReadableFixture
[ RUN      ] HumanReadableTests/HumanReadableFixture.HumanReadableNumber/0
[       OK ] HumanReadableTests/HumanReadableFixture.HumanReadableNumber/0 (0 ms)
[ RUN      ] HumanReadableTests/HumanReadableFixture.HumanReadableNumber/1
[       OK ] HumanReadableTests/HumanReadableFixture.HumanReadableNumber/1 (0 ms)
[ RUN      ] HumanReadableTests/HumanReadableFixture.HumanReadableNumber/2
[       OK ] HumanReadableTests/HumanReadableFixture.HumanReadableNumber/2 (0 ms)
[ RUN      ] HumanReadableTests/HumanReadableFixture.HumanReadableNumber/3
[       OK ] HumanReadableTests/HumanReadableFixture.HumanReadableNumber/3 (0 ms)
[ RUN      ] HumanReadableTests/HumanReadableFixture.HumanReadableNumber/4
[       OK ] HumanReadableTests/HumanReadableFixture.HumanReadableNumber/4 (0 ms)
[ RUN      ] HumanReadableTests/HumanReadableFixture.HumanReadableNumber/5
[       OK ] HumanReadableTests/HumanReadableFixture.HumanReadableNumber/5 (0 ms)
[ RUN      ] HumanReadableTests/HumanReadableFixture.HumanReadableNumber/6
[       OK ] HumanReadableTests/HumanReadableFixture.HumanReadableNumber/6 (0 ms)
[ RUN      ] HumanReadableTests/HumanReadableFixture.HumanReadableNumber/7
[       OK ] HumanReadableTests/HumanReadableFixture.HumanReadableNumber/7 (0 ms)
[ RUN      ] HumanReadableTests/HumanReadableFixture.HumanReadableNumber/8
[       OK ] HumanReadableTests/HumanReadableFixture.HumanReadableNumber/8 (0 ms)
[ RUN      ] HumanReadableTests/HumanReadableFixture.HumanReadableNumber/9
[       OK ] HumanReadableTests/HumanReadableFixture.HumanReadableNumber/9 (0 ms)
[ RUN      ] HumanReadableTests/HumanReadableFixture.HumanReadableNumber/10
[       OK ] HumanReadableTests/HumanReadableFixture.HumanReadableNumber/10 (0 ms)
[ RUN      ] HumanReadableTests/HumanReadableFixture.HumanReadableNumber/11
[       OK ] HumanReadableTests/HumanReadableFixture.HumanReadableNumber/11 (0 ms)
[ RUN      ] HumanReadableTests/HumanReadableFixture.HumanReadableNumber/12
[       OK ] HumanReadableTests/HumanReadableFixture.HumanReadableNumber/12 (0 ms)
[ RUN      ] HumanReadableTests/HumanReadableFixture.HumanReadableNumber/13
[       OK ] HumanReadableTests/HumanReadableFixture.HumanReadableNumber/13 (0 ms)
[ RUN      ] HumanReadableTests/HumanReadableFixture.HumanReadableNumber/14
[       OK ] HumanReadableTests/HumanReadableFixture.HumanReadableNumber/14 (0 ms)
[ RUN      ] HumanReadableTests/HumanReadableFixture.HumanReadableNumber/15
[       OK ] HumanReadableTests/HumanReadableFixture.HumanReadableNumber/15 (0 ms)
[----------] 16 tests from HumanReadableTests/HumanReadableFixture (0 ms total)

[----------] Global test environment tear-down
[==========] 20 tests from 2 test suites ran. (0 ms total)
[  PASSED  ] 20 tests.
<end of output>
Test time =   0.01 sec
----------------------------------------------------------
Test Passed.
"string_util_gtest" end time: Nov 21 19:45 +07
"string_util_gtest" time elapsed: 00:00:00
----------------------------------------------------------

200/202 Testing: perf_counters_gtest
200/202 Test: perf_counters_gtest
Command: "/home/user/3sem/labb/build/_deps/googlebenchmark-build/test/perf_counters_gtest"
Directory: /home/user/3sem/labb/build/_deps/googlebenchmark-build/test
"perf_counters_gtest" start time: Nov 21 19:45 +07
Output:
----------------------------------------------------------
Running main() from gmock_main.cc
[==========] Running 9 tests from 1 test suite.
[----------] Global test environment set-up.
[----------] 9 tests from PerfCountersTest
[ RUN      ] PerfCountersTest.Init
[       OK ] PerfCountersTest.Init (0 ms)
[ RUN      ] PerfCountersTest.OneCounter
/home/user/3sem/labb/build/_deps/googlebenchmark-src/test/perf_counters_gtest.cc:32: Skipped
Performance counters not supported.


[  SKIPPED ] PerfCountersTest.OneCounter (0 ms)
[ RUN      ] PerfCountersTest.NegativeTest
[       OK ] PerfCountersTest.NegativeTest (0 ms)
[ RUN      ] PerfCountersTest.Read1Counter
/home/user/3sem/labb/build/_deps/googlebenchmark-src/test/perf_counters_gtest.cc:86: Skipped
Test skipped because libpfm is not supported.


[  SKIPPED ] PerfCountersTest.Read1Counter (0 ms)
[ RUN      ] PerfCountersTest.Read2Counters
/home/user/3sem/labb/build/_deps/googlebenchmark-src/test/perf_counters_gtest.cc:102: Skipped
Test skipped because libpfm is not supported.


[  SKIPPED ] PerfCountersTest.Read2Counters (0 ms)
[ RUN      ] PerfCountersTest.ReopenExistingCounters
/home/user/3sem/labb/build/_deps/googlebenchmark-src/test/perf_counters_gtest.cc:122: Skipped
Test skipped because libpfm is not supported.


[  SKIPPED ] PerfCountersTest.ReopenExistingCounters (0 ms)
[ RUN      ] PerfCountersTest.CreateExistingMeasurements
/home/user/3sem/labb/build/_deps/googlebenchmark-src/test/perf_counters_gtest.cc:141: Skipped
Test skipped because libpfm is not supported.


[  SKIPPED ] PerfCountersTest.CreateExistingMeasurements (0 ms)
[ RUN      ] PerfCountersTest.MultiThreaded
/home/user/3sem/labb/build/_deps/googlebenchmark-src/test/perf_counters_gtest.cc:237: Skipped
Test skipped because libpfm is not supported.

[  SKIPPED ] PerfCountersTest.MultiThreaded (0 ms)
[ RUN      ] PerfCountersTest.HardwareLimits
/home/user/3sem/labb/build/_deps/googlebenchmark-src/test/perf_counters_gtest.cc:275: Skipped
Test skipped because libpfm is not supported.


[  SKIPPED ] PerfCountersTest.HardwareLimits (0 ms)
[----------] 9 tests from PerfCountersTest (0 ms total)

[----------] Global test environment tear-down
[==========] 9 tests from 1 test suite ran. (0 ms total)
[  PASSED  ] 2 tests.
[  SKIPPED ] 7 tests, listed below:
[  SKIPPED ] PerfCountersTest.OneCounter
[  SKIPPED ] PerfCountersTest.Read1Counter
[  SKIPPED ] PerfCountersTest.Read2Counters
[  SKIPPED ] PerfCountersTest.ReopenExistingCounters
[  SKIPPED ] PerfCountersTest.CreateExistingMeasurements
[  SKIPPED ] PerfCountersTest.MultiThreaded
[  SKIPPED ] PerfCountersTest.HardwareLimits
<end of output>
Test time =   0.01 sec
----------------------------------------------------------
Test Passed.
"perf_counters_gtest" end time: Nov 21 19:45 +07
"perf_counters_gtest" time elapsed: 00:00:00
----------------------------------------------------------

201/202 Testing: time_unit_gtest
201/202 Test: time_unit_gtest
Command: "/home/user/3sem/labb/build/_deps/googlebenchmark-build/test/time_unit_gtest"
Directory: /home/user/3sem/labb/build/_deps/googlebenchmark-build/test
"time_unit_gtest" start time: Nov 21 19:45 +07
Output:
----------------------------------------------------------
Running main() from gmock_main.cc
[==========] Running 3 tests from 1 test suite.
[----------] Global test environment set-up.
[----------] 3 tests from DefaultTimeUnitTest
[ RUN      ] DefaultTimeUnitTest.TimeUnitIsNotSet
[       OK ] DefaultTimeUnitTest.TimeUnitIsNotSet (0 ms)
[ RUN      ] DefaultTimeUnitTest.DefaultIsSet
[       OK ] DefaultTimeUnitTest.DefaultIsSet (0 ms)
[ RUN      ] DefaultTimeUnitTest.DefaultAndExplicitUnitIsSet
[       OK ] DefaultTimeUnitTest.DefaultAndExplicitUnitIsSet (0 ms)
[----------] 3 tests from DefaultTimeUnitTest (0 ms total)

[----------] Global test environment tear-down
[==========] 3 tests from 1 test suite ran. (0 ms total)
[  PASSED  ] 3 tests.
<end of output>
Test time =   0.01 sec
----------------------------------------------------------
Test Passed.
"time_unit_gtest" end time: Nov 21 19:45 +07
"time_unit_gtest" time elapsed: 00:00:00
----------------------------------------------------------

202/202 Testing: min_time_parse_gtest
202/202 Test: min_time_parse_gtest
Command: "/home/user/3sem/labb/build/_deps/googlebenchmark-build/test/min_time_parse_gtest"
Directory: /home/user/3sem/labb/build/_deps/googlebenchmark-build/test
"min_time_parse_gtest" start time: Nov 21 19:45 +07
Output:
----------------------------------------------------------
Running main() from gmock_main.cc
[==========] Running 1 test from 1 test suite.
[----------] Global test environment set-up.
[----------] 1 test from ParseMinTimeTest
[ RUN      ] ParseMinTimeTest.InvalidInput
[       OK ] ParseMinTimeTest.InvalidInput (0 ms)
[----------] 1 test from ParseMinTimeTest (0 ms total)

[----------] Global test environment tear-down
[==========] 1 test from 1 test suite ran. (0 ms total)
[  PASSED  ] 1 test.
<end of output>
Test time =   0.01 sec
----------------------------------------------------------
Test Passed.
"min_time_parse_gtest" end time: Nov 21 19:45 +07
"min_time_parse_gtest" time elapsed: 00:00:00
----------------------------------------------------------

End testing: Nov 21 19:45 +07
